#
# A fatal error has been detected by the Java Runtime Environment:
#
#  EXCEPTION_ACCESS_VIOLATION (0xc0000005) at pc=0x00007ffa945c6a10, pid=12504, tid=27128
#
# JRE version: OpenJDK Runtime Environment (19.0.2+7) (build 19.0.2+7-44)
# Java VM: OpenJDK 64-Bit Server VM (19.0.2+7-44, mixed mode, sharing, tiered, compressed oops, compressed class ptrs, g1 gc, windows-amd64)
# Problematic frame:
# C  [prism_d3d.dll+0x6a10]
#
# No core dump will be written. Minidumps are not enabled by default on client versions of Windows
#
# If you would like to submit a bug report, please visit:
#   https://bugreport.java.com/bugreport/crash.jsp
# The crash happened outside the Java Virtual Machine in native code.
# See problematic frame for where to report the bug.
#

---------------  S U M M A R Y ------------

Command Line: -ea -Didea.test.cyclic.buffer.size=1048576 -javaagent:C:\Program Files\JetBrains\IntelliJ IDEA Community Edition 2022.3.2\lib\idea_rt.jar=57499:C:\Program Files\JetBrains\IntelliJ IDEA Community Edition 2022.3.2\bin -Dfile.encoding=UTF-8 -Dsun.stdout.encoding=UTF-8 -Dsun.stderr.encoding=UTF-8 com.intellij.rt.junit.JUnitStarter -ideVersion5 -junit5 view.GameOverScreenTest,gameOverAnimation

Host: AMD Ryzen 7 5825U with Radeon Graphics         , 16 cores, 13G,  Windows 11 , 64 bit Build 22621 (10.0.22621.1194)
Time: Fri Mar 10 20:10:39 2023 Västeuropa, normaltid elapsed time: 2.828253 seconds (0d 0h 0m 2s)

---------------  T H R E A D  ---------------

Current thread (0x0000021986925d20):  JavaThread "JavaFX Application Thread" [_thread_in_native, id=27128, stack(0x000000fee3500000,0x000000fee3600000)]

Stack: [0x000000fee3500000,0x000000fee3600000],  sp=0x000000fee35fe070,  free space=1016k
Native frames: (J=compiled Java code, j=interpreted, Vv=VM code, C=native code)
C  [prism_d3d.dll+0x6a10]

Java frames: (J=compiled Java code, j=interpreted, Vv=VM code)
j  com.sun.prism.d3d.D3DPipeline.nGetMaxSampleSupport(I)I+0
j  com.sun.prism.d3d.D3DPipeline.isMSAASupported()Z+9
j  com.sun.javafx.tk.quantum.QuantumToolkit.isMSAASupported()Z+3
j  javafx.scene.Scene.getAntiAliasingInternal()Z+10
j  javafx.scene.Scene.initPeer()V+91
j  javafx.scene.Scene$2.initPeer(Ljavafx/scene/Scene;)V+1
j  com.sun.javafx.scene.SceneHelper.initPeer(Ljavafx/scene/Scene;)V+4
j  javafx.stage.Window$12.invalidated()V+352
j  javafx.beans.property.BooleanPropertyBase.markInvalid()V+13
j  javafx.beans.property.BooleanPropertyBase.set(Z)V+72
j  javafx.stage.Window.setShowing(Z)V+11
j  javafx.stage.Window.show()V+2
j  javafx.stage.Stage.show()V+1
j  control.MainProgram.start(Ljavafx/stage/Stage;)V+594
j  com.sun.javafx.application.LauncherImpl.lambda$launchApplication1$9(Ljava/util/concurrent/atomic/AtomicBoolean;Ljavafx/application/Application;)V+20
j  com.sun.javafx.application.LauncherImpl$$Lambda$401+0x0000000801133ec0.run()V+8
j  com.sun.javafx.application.PlatformImpl.lambda$runAndWait$12(Ljava/lang/Runnable;Ljava/util/concurrent/CountDownLatch;)V+1
j  com.sun.javafx.application.PlatformImpl$$Lambda$397+0x0000000801121708.run()V+8
j  com.sun.javafx.application.PlatformImpl.lambda$runLater$10(Ljava/lang/Runnable;)Ljava/lang/Void;+1
j  com.sun.javafx.application.PlatformImpl$$Lambda$399+0x0000000801122ad8.run()Ljava/lang/Object;+4
J 1250 c1 java.security.AccessController.executePrivileged(Ljava/security/PrivilegedAction;Ljava/security/AccessControlContext;Ljava/lang/Class;)Ljava/lang/Object; java.base@19.0.2 (65 bytes) @ 0x00000219e6a0fc3c [0x00000219e6a0fae0+0x000000000000015c]
j  java.security.AccessController.doPrivileged(Ljava/security/PrivilegedAction;Ljava/security/AccessControlContext;)Ljava/lang/Object;+13 java.base@19.0.2
j  com.sun.javafx.application.PlatformImpl.lambda$runLater$11(Ljava/lang/Runnable;Ljava/security/AccessControlContext;)V+7
j  com.sun.javafx.application.PlatformImpl$$Lambda$398+0x0000000801121918.run()V+8
j  com.sun.glass.ui.InvokeLaterDispatcher$Future.run()V+4
v  ~StubRoutines::call_stub 0x00000219edc0100e
j  com.sun.glass.ui.win.WinApplication._runLoop(Ljava/lang/Runnable;)V+0
j  com.sun.glass.ui.win.WinApplication.lambda$runLoop$3(ILjava/lang/Runnable;)V+8
j  com.sun.glass.ui.win.WinApplication$$Lambda$387+0x0000000801110b38.run()V+12
j  java.lang.Thread.run()V+13 java.base@19.0.2
v  ~StubRoutines::call_stub 0x00000219edc0100e

siginfo: EXCEPTION_ACCESS_VIOLATION (0xc0000005), reading address 0x0000000000000000


Registers:
RAX=0x00007ffa945c69f0, RBX=0x0000000000000000, RCX=0x0000000000000000, RDX=0x000000fee35fe120
RSP=0x000000fee35fe070, RBP=0x000000fee35fe110, RSI=0x0000021982be6168, RDI=0x0000000000000000
R8 =0x0000000000000000, R9 =0x0000000000000005, R10=0x00000219edc1f92e, R11=0x000000072df49b90
R12=0x0000000000000000, R13=0x000002198268f320, R14=0x000000fee35fe130, R15=0x0000021986925d20
RIP=0x00007ffa945c6a10, EFLAGS=0x0000000000010206


Register to memory mapping:

RIP=0x00007ffa945c6a10 prism_d3d.dll
RAX=0x00007ffa945c69f0 prism_d3d.dll
RBX=0x0 is NULL
RCX=0x0 is NULL
RDX=0x000000fee35fe120 is pointing into the stack for thread: 0x0000021986925d20
RSP=0x000000fee35fe070 is pointing into the stack for thread: 0x0000021986925d20
RBP=0x000000fee35fe110 is pointing into the stack for thread: 0x0000021986925d20
RSI=0x0000021982be6168 is pointing into metadata
RDI=0x0 is NULL
R8 =0x0 is NULL
R9 =0x0000000000000005 is an unknown value
R10=0x00000219edc1f92e is at code_begin+1006 in an Interpreter codelet
method entry point (kind = native)  [0x00000219edc1f540, 0x00000219edc20050]  2832 bytes
R11=0x000000072df49b90 is an oop: java.lang.Class 
{0x000000072df49b90} - klass: 'java/lang/Class'
 - ---- fields (total size 16 words):
 - private volatile transient 'classRedefinedCount' 'I' @12  0
 - abstract internal 'klass' 'J' @16  34377589048 (1106138 8)
 - abstract internal 'array_klass' 'J' @24  0 (0 0)
 - abstract internal 'oop_size' 'I' @32  16 (10)
 - abstract internal 'static_oop_field_count' 'I' @36  3
 - private volatile transient 'cachedConstructor' 'Ljava/lang/reflect/Constructor;' @40  NULL (0)
 - private transient 'name' 'Ljava/lang/String;' @44  "com.sun.prism.d3d.D3DPipeline"{0x000000072df4a470} (e5be948e)
 - private transient 'module' 'Ljava/lang/Module;' @48  a 'java/lang/Module'{0x000000072243b8a0} (e4487714)
 - private final 'classLoader' 'Ljava/lang/ClassLoader;' @52  a 'jdk/internal/loader/ClassLoaders$AppClassLoader'{0x0000000722429bb0} (e4485376)
 - private transient 'classData' 'Ljava/lang/Object;' @56  NULL (0)
 - private transient 'packageName' 'Ljava/lang/String;' @60  "com.sun.prism.d3d"{0x000000072df1b488} (e5be3691)
 - private final 'componentType' 'Ljava/lang/Class;' @64  NULL (0)
 - private volatile transient 'reflectionData' 'Ljava/lang/ref/SoftReference;' @68  a 'java/lang/ref/SoftReference'{0x000000072df4a4b8} (e5be9497)
 - private volatile transient 'genericInfo' 'Lsun/reflect/generics/repository/ClassRepository;' @72  NULL (0)
 - private volatile transient 'enumConstants' '[Ljava/lang/Object;' @76  NULL (0)
 - private volatile transient 'enumConstantDirectory' 'Ljava/util/Map;' @80  NULL (0)
 - private volatile transient 'annotationData' 'Ljava/lang/Class$AnnotationData;' @84  NULL (0)
 - private volatile transient 'annotationType' 'Lsun/reflect/annotation/AnnotationType;' @88  NULL (0)
 - transient 'classValueMap' 'Ljava/lang/ClassValue$ClassValueMap;' @92  NULL (0)
 - abstract internal 'protection_domain' 'Ljava/lang/Object;' @96  a 'java/security/ProtectionDomain'{0x0000000722461580} (e448c2b0)
 - abstract internal 'signers_name' 'Ljava/lang/Object;' @100  NULL (0)
 - abstract internal 'source_file' 'Ljava/lang/Object;' @104  NULL (0)
 - signature: Lcom/sun/prism/d3d/D3DPipeline;
 - ---- static fields (3):
 - private static final 'd3dEnabled' 'Z' @124  true
 - private static final 'creator' 'Ljava/lang/Thread;' @112  a 'java/lang/Thread'{0x000000072de13d08} (e5bc27a1)
 - private static 'theInstance' 'Lcom/sun/prism/d3d/D3DPipeline;' @116  NULL (0)
 - private static 'factories' '[Lcom/sun/prism/d3d/D3DResourceFactory;' @120  NULL (0)
 - private static 'd3dInitialized' 'Z' @125  false
R12=0x0 is NULL
R13={method} {0x000002198268f328} 'nGetMaxSampleSupport' '(I)I' in 'com/sun/prism/d3d/D3DPipeline'
R14=0x000000fee35fe130 is pointing into the stack for thread: 0x0000021986925d20
R15=0x0000021986925d20 is a thread


Top of Stack: (sp=0x000000fee35fe070)
0x000000fee35fe070:   000002198268f320 000002198268f320
0x000000fee35fe080:   000002198268f320 00007ffa11dee07e
0x000000fee35fe090:   0000021982be6168 00000219edc1f95d
0x000000fee35fe0a0:   000002198268f320 0000021982be6168
0x000000fee35fe0b0:   000002198268fd60 0000021986925d20
0x000000fee35fe0c0:   00000219edc1f5f6 000000fee35fe0c8
0x000000fee35fe0d0:   000002198268f320 000000fee35fe130
0x000000fee35fe0e0:   0000021982690c80 0000000000000000
0x000000fee35fe0f0:   000000072df49b90 000002198268f320
0x000000fee35fe100:   0000000000000000 000000fee35fe130
0x000000fee35fe110:   000000fee35fe188 00000219edc1b8aa
0x000000fee35fe120:   000000072df49b90 00000219edc1d195
0x000000fee35fe130:   0000000000000000 000000072de66b90
0x000000fee35fe140:   000000fee35fe140 000002198268fd41
0x000000fee35fe150:   000000fee35fe198 0000021982690c80
0x000000fee35fe160:   0000000000000000 000000072df49b90 

Instructions: (pc=0x00007ffa945c6a10)
0x00007ffa945c6910:   8b c7 48 8b d6 ff 90 68 03 00 00 48 8b 03 4c 8d
0x00007ffa945c6920:   0d 63 a4 01 00 44 8b 74 24 3c 4c 8d 05 bf a5 01
0x00007ffa945c6930:   00 48 8b d5 48 8b cb ff 90 f0 02 00 00 48 8b e8
0x00007ffa945c6940:   48 8b cb 48 8b 03 ff 90 20 07 00 00 48 8b cb 84
0x00007ffa945c6950:   c0 74 0b 48 8b 03 ff 90 88 00 00 00 eb 13 4c 8b
0x00007ffa945c6960:   13 45 8b ce 4c 8b c5 48 8b d6 41 ff 92 68 03 00
0x00007ffa945c6970:   00 4c 8b bc 24 e0 06 00 00 48 8b 17 48 8b cf ff
0x00007ffa945c6980:   52 10 4c 8b b4 24 18 07 00 00 48 8b c6 eb 0b 48
0x00007ffa945c6990:   8b 07 48 8b cf ff 50 10 33 c0 48 8b 8c 24 d0 06
0x00007ffa945c69a0:   00 00 48 33 cc e8 56 41 00 00 48 81 c4 e8 06 00
0x00007ffa945c69b0:   00 5f 5e 5d 5b c3 cc cc cc cc cc cc cc cc cc cc
0x00007ffa945c69c0:   40 53 48 83 ec 20 48 8b d9 e8 c2 10 00 00 48 85
0x00007ffa945c69d0:   c0 74 15 4c 8b 03 48 8b d0 48 8b cb 48 83 c4 20
0x00007ffa945c69e0:   5b 49 ff a0 38 05 00 00 48 83 c4 20 5b c3 cc cc
0x00007ffa945c69f0:   48 89 5c 24 08 57 48 83 ec 20 48 8b 3d df 18 02
0x00007ffa945c6a00:   00 41 8b d8 48 85 ff 74 0f 48 8b 7f 08 48 8b cf
0x00007ffa945c6a10:   48 8b 07 ff 50 08 eb 16 48 8b 05 a9 18 02 00 48
0x00007ffa945c6a20:   85 c0 74 25 b9 20 00 00 00 ff d0 48 8b f8 48 85
0x00007ffa945c6a30:   ff 74 16 48 8b 17 48 8b cf ff 52 20 48 8b cf 3b
0x00007ffa945c6a40:   d8 72 13 48 8b 17 ff 52 10 33 c0 48 8b 5c 24 30
0x00007ffa945c6a50:   48 83 c4 20 5f c3 8b d3 e8 73 f9 ff ff 48 8b 17
0x00007ffa945c6a60:   48 8b cf 8b d8 ff 52 10 8b c3 48 8b 5c 24 30 48
0x00007ffa945c6a70:   83 c4 20 5f c3 cc cc cc cc cc cc cc cc cc cc cc
0x00007ffa945c6a80:   48 89 5c 24 08 57 48 83 ec 40 48 83 3d 4e 18 02
0x00007ffa945c6a90:   00 00 49 8b d8 48 8b f9 74 19 48 8d 0d ef a2 01
0x00007ffa945c6aa0:   00 e8 1a 14 00 00 32 c0 48 8b 5c 24 50 48 83 c4
0x00007ffa945c6ab0:   40 5f c3 e8 78 08 00 00 85 c0 79 19 48 8d 0d fd
0x00007ffa945c6ac0:   a2 01 00 e8 f8 13 00 00 32 c0 48 8b 5c 24 50 48
0x00007ffa945c6ad0:   83 c4 40 5f c3 48 8d 05 9c a2 01 00 48 89 7c 24
0x00007ffa945c6ae0:   28 48 8d 4c 24 20 48 89 44 24 20 48 89 5c 24 30
0x00007ffa945c6af0:   e8 7b 08 00 00 48 8b d8 48 85 c0 75 16 e8 8e 0f
0x00007ffa945c6b00:   00 00 48 85 c0 75 0c 48 8d 0d d2 a2 01 00 e8 ad 


Stack slot to memory mapping:
stack at sp + 0 slots: {method} {0x000002198268f328} 'nGetMaxSampleSupport' '(I)I' in 'com/sun/prism/d3d/D3DPipeline'
stack at sp + 1 slots: {method} {0x000002198268f328} 'nGetMaxSampleSupport' '(I)I' in 'com/sun/prism/d3d/D3DPipeline'
stack at sp + 2 slots: {method} {0x000002198268f328} 'nGetMaxSampleSupport' '(I)I' in 'com/sun/prism/d3d/D3DPipeline'
stack at sp + 3 slots: 0x00007ffa11dee07e jvm.dll
stack at sp + 4 slots: 0x0000021982be6168 is pointing into metadata
stack at sp + 5 slots: 0x00000219edc1f95d is at code_begin+1053 in an Interpreter codelet
method entry point (kind = native)  [0x00000219edc1f540, 0x00000219edc20050]  2832 bytes
stack at sp + 6 slots: {method} {0x000002198268f328} 'nGetMaxSampleSupport' '(I)I' in 'com/sun/prism/d3d/D3DPipeline'
stack at sp + 7 slots: 0x0000021982be6168 is pointing into metadata


Compiled method (c1)    2887 1250       3       java.security.AccessController::executePrivileged (65 bytes)
 total in heap  [0x00000219e6a0f910,0x00000219e6a0fef8] = 1512
 relocation     [0x00000219e6a0fa70,0x00000219e6a0fad0] = 96
 main code      [0x00000219e6a0fae0,0x00000219e6a0fd80] = 672
 stub code      [0x00000219e6a0fd80,0x00000219e6a0fdd8] = 88
 metadata       [0x00000219e6a0fdd8,0x00000219e6a0fde8] = 16
 scopes data    [0x00000219e6a0fde8,0x00000219e6a0fe60] = 120
 scopes pcs     [0x00000219e6a0fe60,0x00000219e6a0fee0] = 128
 dependencies   [0x00000219e6a0fee0,0x00000219e6a0fee8] = 8
 nul chk table  [0x00000219e6a0fee8,0x00000219e6a0fef8] = 16

[Constant Pool (empty)]

[MachCode]
[Verified Entry Point]
  # {method} {0x00000008000633c0} 'executePrivileged' '(Ljava/security/PrivilegedAction;Ljava/security/AccessControlContext;Ljava/lang/Class;)Ljava/lang/Object;' in 'java/security/AccessController'
  # parm0:    rdx:rdx   = 'java/security/PrivilegedAction'
  # parm1:    r8:r8     = 'java/security/AccessControlContext'
  # parm2:    r9:r9     = 'java/lang/Class'
  #           [sp+0x50]  (sp of caller)
  0x00000219e6a0fae0: 8984 2400 | 90ff ff55 | 4883 ec40 | 4c89 4424 

  0x00000219e6a0faf0: ;   {metadata(method data for {method} {0x00000008000633c0} 'executePrivileged' '(Ljava/security/PrivilegedAction;Ljava/security/AccessControlContext;Ljava/lang/Class;)Ljava/lang/Object;' in 'java/security/AccessController')}
  0x00000219e6a0faf0: 3048 be50 | 9d0b 8219 | 0200 008b | becc 0000 | 0083 c702 | 89be cc00 | 0000 81e7 | fe07 0000 
  0x00000219e6a0fb10: 83ff 000f | 84bf 0100 | 0049 83f8 

  0x00000219e6a0fb1c: ;   {metadata(method data for {method} {0x00000008000633c0} 'executePrivileged' '(Ljava/security/PrivilegedAction;Ljava/security/AccessControlContext;Ljava/lang/Class;)Ljava/lang/Object;' in 'java/security/AccessController')}
  0x00000219e6a0fb1c: 0048 be50 | 9d0b 8219 | 0200 0048 | bf10 0100 | 0000 0000 | 000f 840a | 0000 0048 | bf20 0100 
  0x00000219e6a0fb3c: 0000 0000 | 0048 8b1c | 3e48 8d5b | 0148 891c | 3e4c 894c | 2428 4889 | 5424 200f | 841f 0000 
  0x00000219e6a0fb5c: ;   {metadata(method data for {method} {0x00000008000633c0} 'executePrivileged' '(Ljava/security/PrivilegedAction;Ljava/security/AccessControlContext;Ljava/lang/Class;)Ljava/lang/Object;' in 'java/security/AccessController')}
  0x00000219e6a0fb5c: 0048 be50 | 9d0b 8219 | 0200 0048 | 8386 3001 | 0000 0149 | 8bd0 0f1f 

  0x00000219e6a0fb74: ;   {static_call}
  0x00000219e6a0fb74: 4400 00e8 

  0x00000219e6a0fb78: ; ImmutableOopMap {[32]=Oop [40]=Oop [48]=Oop }
                      ;*invokestatic ensureMaterializedForStackWalk {reexecute=0 rethrow=0 return_oop=0}
                      ; - java.security.AccessController::executePrivileged@5 (line 772)
  0x00000219e6a0fb78: 0902 0000 

  0x00000219e6a0fb7c: ;   {metadata(method data for {method} {0x00000008000633c0} 'executePrivileged' '(Ljava/security/PrivilegedAction;Ljava/security/AccessControlContext;Ljava/lang/Class;)Ljava/lang/Object;' in 'java/security/AccessController')}
  0x00000219e6a0fb7c: 48ba 509d | 0b82 1902 | 0000 ff82 | 4001 0000 | 488b 5424 | 2048 3b02 

  0x00000219e6a0fb94: ;   {metadata(method data for {method} {0x00000008000633c0} 'executePrivileged' '(Ljava/security/PrivilegedAction;Ljava/security/AccessControlContext;Ljava/lang/Class;)Ljava/lang/Object;' in 'java/security/AccessController')}
  0x00000219e6a0fb94: 488b f248 | bf50 9d0b | 8219 0200 | 008b 7608 | 49ba 0000 | 0000 0800 | 0000 4903 | f248 3bb7 
  0x00000219e6a0fbb4: b001 0000 | 750d 4883 | 87b8 0100 | 0001 e966 | 0000 0048 | 3bb7 c001 | 0000 750d | 4883 87c8 
  0x00000219e6a0fbd4: 0100 0001 | e950 0000 | 0048 81bf | b001 0000 | 0000 0000 | 7517 4889 | b7b0 0100 | 0048 c787 
  0x00000219e6a0fbf4: b801 0000 | 0100 0000 | e92c 0000 | 0048 81bf | c001 0000 | 0000 0000 | 7517 4889 | b7c0 0100 
  0x00000219e6a0fc14: 0048 c787 | c801 0000 | 0100 0000 | e908 0000 | 0048 8387 | a001 0000 | 0148 b8e0 | 1960 8619 
  0x00000219e6a0fc34: ;   {virtual_call}
  0x00000219e6a0fc34: 0200 00e8 

  0x00000219e6a0fc38: ; ImmutableOopMap {[40]=Oop [48]=Oop }
                      ;*invokeinterface run {reexecute=0 rethrow=0 return_oop=0}
                      ; - java.security.AccessController::executePrivileged@29 (line 776)
  0x00000219e6a0fc38: d47c 3007 

  0x00000219e6a0fc3c: ;   {metadata(method data for {method} {0x00000008000633c0} 'executePrivileged' '(Ljava/security/PrivilegedAction;Ljava/security/AccessControlContext;Ljava/lang/Class;)Ljava/lang/Object;' in 'java/security/AccessController')}
  0x00000219e6a0fc3c: 48be 509d | 0b82 1902 | 0000 ff86 | d801 0000 | 4c8b 4c24 

  0x00000219e6a0fc50: ;   {metadata(method data for {method} {0x00000008000633c0} 'executePrivileged' '(Ljava/security/PrivilegedAction;Ljava/security/AccessControlContext;Ljava/lang/Class;)Ljava/lang/Object;' in 'java/security/AccessController')}
  0x00000219e6a0fc50: 2848 be50 | 9d0b 8219 | 0200 0048 | 8386 3802 

  0x00000219e6a0fc60: ;   {metadata(method data for {method} {0x00000008000462d8} 'reachabilityFence' '(Ljava/lang/Object;)V' in 'java/lang/ref/Reference')}
  0x00000219e6a0fc60: 0000 0148 | bef0 a60a | 8219 0200 | 008b becc | 0000 0083 | c702 89be | cc00 0000 | 81e7 feff 
  0x00000219e6a0fc80: 1f00 83ff | 000f 8473 

  0x00000219e6a0fc88: ;   {metadata(method data for {method} {0x00000008000633c0} 'executePrivileged' '(Ljava/security/PrivilegedAction;Ljava/security/AccessControlContext;Ljava/lang/Class;)Ljava/lang/Object;' in 'java/security/AccessController')}
  0x00000219e6a0fc88: 0000 0048 | be50 9d0b | 8219 0200 | 0048 8386 | 4802 0000 

  0x00000219e6a0fc9c: ;   {metadata(method data for {method} {0x00000008000462d8} 'reachabilityFence' '(Ljava/lang/Object;)V' in 'java/lang/ref/Reference')}
  0x00000219e6a0fc9c: 0148 bef0 | a60a 8219 | 0200 008b | becc 0000 | 0083 c702 | 89be cc00 | 0000 81e7 | feff 1f00 
  0x00000219e6a0fcbc: 83ff 000f | 845a 0000 | 0048 83c4 

  0x00000219e6a0fcc8: ;   {poll_return}
  0x00000219e6a0fcc8: 405d 493b | a778 0300 | 000f 8766 | 0000 00c3 

  0x00000219e6a0fcd8: ;   {metadata({method} {0x00000008000633c0} 'executePrivileged' '(Ljava/security/PrivilegedAction;Ljava/security/AccessControlContext;Ljava/lang/Class;)Ljava/lang/Object;' in 'java/security/AccessController')}
  0x00000219e6a0fcd8: 49ba b833 | 0600 0800 | 0000 4c89 | 5424 0848 | c704 24ff 

  0x00000219e6a0fcec: ;   {runtime_call counter_overflow Runtime1 stub}
  0x00000219e6a0fcec: ffff ffe8 

  0x00000219e6a0fcf0: ; ImmutableOopMap {rdx=Oop r8=Oop r9=Oop [48]=Oop }
                      ;*synchronization entry
                      ; - java.security.AccessController::executePrivileged@-1 (line 771)
  0x00000219e6a0fcf0: 0ce8 2f07 | e920 feff 

  0x00000219e6a0fcf8: ;   {runtime_call throw_null_pointer_exception Runtime1 stub}
  0x00000219e6a0fcf8: ffe8 2294 

  0x00000219e6a0fcfc: ; ImmutableOopMap {rdx=Oop [40]=Oop [48]=Oop }
                      ;*invokeinterface run {reexecute=0 rethrow=0 return_oop=0}
                      ; - java.security.AccessController::executePrivileged@29 (line 776)
                      ;   {metadata({method} {0x00000008000462d8} 'reachabilityFence' '(Ljava/lang/Object;)V' in 'java/lang/ref/Reference')}
  0x00000219e6a0fcfc: 2f07 49ba | d062 0400 | 0800 0000 | 4c89 5424 | 0848 c704 | 24ff ffff 

  0x00000219e6a0fd14: ;   {runtime_call counter_overflow Runtime1 stub}
  0x00000219e6a0fd14: ffe8 e6e7 

  0x00000219e6a0fd18: ; ImmutableOopMap {rax=Oop r9=Oop }
                      ;*synchronization entry
                      ; - java.lang.ref.Reference::reachabilityFence@-1 (line 627)
                      ; - java.security.AccessController::executePrivileged@56 (line 781)
  0x00000219e6a0fd18: 2f07 e96c 

  0x00000219e6a0fd1c: ;   {metadata({method} {0x00000008000462d8} 'reachabilityFence' '(Ljava/lang/Object;)V' in 'java/lang/ref/Reference')}
  0x00000219e6a0fd1c: ffff ff49 | bad0 6204 | 0008 0000 | 004c 8954 | 2408 48c7 | 0424 ffff 

  0x00000219e6a0fd34: ;   {runtime_call counter_overflow Runtime1 stub}
  0x00000219e6a0fd34: ffff e8c5 

  0x00000219e6a0fd38: ; ImmutableOopMap {rax=Oop }
                      ;*synchronization entry
                      ; - java.lang.ref.Reference::reachabilityFence@-1 (line 627)
                      ; - java.security.AccessController::executePrivileged@60 (line 782)
  0x00000219e6a0fd38: e72f 07eb 

  0x00000219e6a0fd3c: ;   {internal_word}
  0x00000219e6a0fd3c: 8849 baca | fca0 e619 | 0200 004d | 8997 9003 

  0x00000219e6a0fd4c: ;   {runtime_call SafepointBlob}
  0x00000219e6a0fd4c: 0000 e9ad | 8025 0749 | 8b87 2004 | 0000 49c7 | 8720 0400 | 0000 0000 | 0049 c787 | 2804 0000 
  0x00000219e6a0fd6c: 0000 0000 | 4883 c440 

  0x00000219e6a0fd74: ;   {runtime_call unwind_exception Runtime1 stub}
  0x00000219e6a0fd74: 5de9 867e | 2f07 f4f4 | f4f4 f4f4 
[Stub Code]
  0x00000219e6a0fd80: ;   {no_reloc}
  0x00000219e6a0fd80: 0f1f 4400 

  0x00000219e6a0fd84: ;   {static_stub}
  0x00000219e6a0fd84: 0048 bb20 | 3b06 0008 

  0x00000219e6a0fd8c: ;   {runtime_call I2C/C2I adapters}
  0x00000219e6a0fd8c: 0000 00e9 | c510 2507 

  0x00000219e6a0fd94: ;   {static_stub}
  0x00000219e6a0fd94: 9048 bb00 | 0000 0000 

  0x00000219e6a0fd9c: ;   {runtime_call}
  0x00000219e6a0fd9c: 0000 00e9 | fbff ffff 
[Exception Handler]
  0x00000219e6a0fda4: ;   {runtime_call handle_exception_from_callee Runtime1 stub}
  0x00000219e6a0fda4: e857 b42f 

  0x00000219e6a0fda8: ;   {external_word}
  0x00000219e6a0fda8: 0748 b918 | 490b 12fa | 7f00 0048 

  0x00000219e6a0fdb4: ;   {runtime_call}
  0x00000219e6a0fdb4: 83e4 f049 | bab0 f8d6 | 11fa 7f00 | 0041 ffd2 

  0x00000219e6a0fdc4: ;   {section_word}
  0x00000219e6a0fdc4: f449 bac5 | fda0 e619 | 0200 0041 

  0x00000219e6a0fdd0: ;   {runtime_call DeoptimizationBlob}
  0x00000219e6a0fdd0: 52e9 ca72 | 2507 f4f4 
[/MachCode]


---------------  P R O C E S S  ---------------

Threads class SMR info:
_java_thread_list=0x0000021986e0a5d0, length=39, elements={
0x00000219de863b20, 0x00000219ff3706f0, 0x00000219ff371220, 0x00000219ff37a2f0,
0x00000219ff37ac20, 0x00000219ff37f570, 0x00000219ff37fea0, 0x00000219ff391860,
0x00000219ff393df0, 0x00000219ff3a6360, 0x00000219ff346800, 0x00000219ff5b5c60,
0x00000219ff5b85f0, 0x00000219ff737750, 0x00000219ff737c90, 0x0000021986358a00,
0x00000219865f32f0, 0x0000021986604c20, 0x00000219869279a0, 0x0000021986925d20,
0x0000021986959d30, 0x000002198695a7d0, 0x00000219869587f0, 0x000002198695ad20,
0x0000021986959290, 0x000002198695bd10, 0x0000021986e034e0, 0x0000021986e01a50,
0x0000021986e01fa0, 0x0000021986e024f0, 0x0000021986e02f90, 0x0000021986e03a30,
0x0000021986e02a40, 0x0000021986e03f80, 0x0000021986e044d0, 0x000002198c762dc0,
0x0000021986958d40, 0x000002198695b270, 0x000002198c8798f0
}

Java Threads: ( => current thread )
  0x00000219de863b20 JavaThread "main" [_thread_blocked, id=24656, stack(0x000000fee0d00000,0x000000fee0e00000)]
  0x00000219ff3706f0 JavaThread "Reference Handler" daemon [_thread_blocked, id=13040, stack(0x000000fee1400000,0x000000fee1500000)]
  0x00000219ff371220 JavaThread "Finalizer" daemon [_thread_blocked, id=6052, stack(0x000000fee1500000,0x000000fee1600000)]
  0x00000219ff37a2f0 JavaThread "Signal Dispatcher" daemon [_thread_blocked, id=26368, stack(0x000000fee1600000,0x000000fee1700000)]
  0x00000219ff37ac20 JavaThread "Attach Listener" daemon [_thread_blocked, id=25756, stack(0x000000fee1700000,0x000000fee1800000)]
  0x00000219ff37f570 JavaThread "Service Thread" daemon [_thread_blocked, id=16648, stack(0x000000fee1800000,0x000000fee1900000)]
  0x00000219ff37fea0 JavaThread "Monitor Deflation Thread" daemon [_thread_blocked, id=26788, stack(0x000000fee1900000,0x000000fee1a00000)]
  0x00000219ff391860 JavaThread "C2 CompilerThread0" daemon [_thread_blocked, id=20220, stack(0x000000fee1a00000,0x000000fee1b00000)]
  0x00000219ff393df0 JavaThread "C1 CompilerThread0" daemon [_thread_blocked, id=25012, stack(0x000000fee1b00000,0x000000fee1c00000)]
  0x00000219ff3a6360 JavaThread "Sweeper thread" daemon [_thread_blocked, id=3536, stack(0x000000fee1c00000,0x000000fee1d00000)]
  0x00000219ff346800 JavaThread "Common-Cleaner" daemon [_thread_blocked, id=21340, stack(0x000000fee1d00000,0x000000fee1e00000)]
  0x00000219ff5b5c60 JavaThread "C1 CompilerThread1" daemon [_thread_blocked, id=10612, stack(0x000000fee1e00000,0x000000fee1f00000)]
  0x00000219ff5b85f0 JavaThread "C1 CompilerThread2" daemon [_thread_blocked, id=24232, stack(0x000000fee1f00000,0x000000fee2000000)]
  0x00000219ff737750 JavaThread "Monitor Ctrl-Break" daemon [_thread_in_native, id=24896, stack(0x000000fee2000000,0x000000fee2100000)]
  0x00000219ff737c90 JavaThread "Notification Thread" daemon [_thread_blocked, id=10708, stack(0x000000fee2100000,0x000000fee2200000)]
  0x0000021986358a00 JavaThread "Thread-0" [_thread_blocked, id=8168, stack(0x000000fee2300000,0x000000fee2400000)]
  0x00000219865f32f0 JavaThread "JavaFX-Launcher" [_thread_blocked, id=23792, stack(0x000000fee2400000,0x000000fee2500000)]
  0x0000021986604c20 JavaThread "C1 CompilerThread3" daemon [_thread_blocked, id=18344, stack(0x000000fee2500000,0x000000fee2600000)]
  0x00000219869279a0 JavaThread "InvokeLaterDispatcher" daemon [_thread_blocked, id=25340, stack(0x000000fee3400000,0x000000fee3500000)]
=>0x0000021986925d20 JavaThread "JavaFX Application Thread" [_thread_in_native, id=27128, stack(0x000000fee3500000,0x000000fee3600000)]
  0x0000021986959d30 JavaThread "Thread-3" daemon [_thread_in_native, id=28116, stack(0x000000fee4000000,0x000000fee4100000)]
  0x000002198695a7d0 JavaThread "JFXMedia Player EventQueueThread" daemon [_thread_blocked, id=2240, stack(0x000000fee4400000,0x000000fee4500000)]
  0x00000219869587f0 JavaThread "JFXMedia Player EventQueueThread" daemon [_thread_blocked, id=16784, stack(0x000000fee4a00000,0x000000fee4b00000)]
  0x000002198695ad20 JavaThread "JFXMedia Player EventQueueThread" daemon [_thread_blocked, id=8816, stack(0x000000fee4900000,0x000000fee4a00000)]
  0x0000021986959290 JavaThread "JFXMedia Player EventQueueThread" daemon [_thread_blocked, id=20616, stack(0x000000fee5300000,0x000000fee5400000)]
  0x000002198695bd10 JavaThread "JFXMedia Player EventQueueThread" daemon [_thread_blocked, id=7800, stack(0x000000fee5800000,0x000000fee5900000)]
  0x0000021986e034e0 JavaThread "JFXMedia Player EventQueueThread" daemon [_thread_blocked, id=23772, stack(0x000000fee5d00000,0x000000fee5e00000)]
  0x0000021986e01a50 JavaThread "JFXMedia Player EventQueueThread" daemon [_thread_blocked, id=24544, stack(0x000000fee6200000,0x000000fee6300000)]
  0x0000021986e01fa0 JavaThread "JFXMedia Player EventQueueThread" daemon [_thread_blocked, id=2652, stack(0x000000fee6800000,0x000000fee6900000)]
  0x0000021986e024f0 JavaThread "JFXMedia Player EventQueueThread" daemon [_thread_blocked, id=19688, stack(0x000000fee6e00000,0x000000fee6f00000)]
  0x0000021986e02f90 JavaThread "JFXMedia Player EventQueueThread" daemon [_thread_blocked, id=18816, stack(0x000000fee7300000,0x000000fee7400000)]
  0x0000021986e03a30 JavaThread "JFXMedia Player EventQueueThread" daemon [_thread_blocked, id=15620, stack(0x000000fee7800000,0x000000fee7900000)]
  0x0000021986e02a40 JavaThread "JFXMedia Player EventQueueThread" daemon [_thread_blocked, id=11712, stack(0x000000fee7d00000,0x000000fee7e00000)]
  0x0000021986e03f80 JavaThread "JFXMedia Player EventQueueThread" daemon [_thread_blocked, id=24332, stack(0x000000fee8200000,0x000000fee8300000)]
  0x0000021986e044d0 JavaThread "JFXMedia Player EventQueueThread" daemon [_thread_blocked, id=18944, stack(0x000000fee8700000,0x000000fee8800000)]
  0x000002198c762dc0 JavaThread "C2 CompilerThread1" daemon [_thread_blocked, id=16496, stack(0x000000fee8e00000,0x000000fee8f00000)]
  0x0000021986958d40 JavaThread "Java2D Disposer" daemon [_thread_blocked, id=9184, stack(0x000000fee8f00000,0x000000fee9000000)]
  0x000002198695b270 JavaThread "AWT-Shutdown" [_thread_blocked, id=28592, stack(0x000000fee9000000,0x000000fee9100000)]
  0x000002198c8798f0 JavaThread "C2 CompilerThread2" daemon [_thread_in_native, id=17452, stack(0x000000fee9300000,0x000000fee9400000)]

Other Threads:
  0x00000219ff357210 VMThread "VM Thread" [stack: 0x000000fee1300000,0x000000fee1400000] [id=24200]
  0x00000219de864a00 WatcherThread "VM Periodic Task Thread" [stack: 0x000000fee2200000,0x000000fee2300000] [id=22292]
  0x00000219de8ca740 WorkerThread "GC Thread#0" [stack: 0x000000fee0e00000,0x000000fee0f00000] [id=27652]
  0x00000219ff80b4c0 WorkerThread "GC Thread#1" [stack: 0x000000fee2700000,0x000000fee2800000] [id=9776]
  0x00000219ff80ba60 WorkerThread "GC Thread#2" [stack: 0x000000fee2800000,0x000000fee2900000] [id=23532]
  0x00000219ff80a980 WorkerThread "GC Thread#3" [stack: 0x000000fee2900000,0x000000fee2a00000] [id=25292]
  0x00000219ff80ac50 WorkerThread "GC Thread#4" [stack: 0x000000fee2a00000,0x000000fee2b00000] [id=23720]
  0x00000219ff80a110 WorkerThread "GC Thread#5" [stack: 0x000000fee2b00000,0x000000fee2c00000] [id=25548]
  0x00000219ff80bd30 WorkerThread "GC Thread#6" [stack: 0x000000fee2c00000,0x000000fee2d00000] [id=21600]
  0x00000219ff80b790 WorkerThread "GC Thread#7" [stack: 0x000000fee2d00000,0x000000fee2e00000] [id=17352]
  0x00000219ff80af20 WorkerThread "GC Thread#8" [stack: 0x000000fee2e00000,0x000000fee2f00000] [id=10972]
  0x00000219867da9b0 WorkerThread "GC Thread#9" [stack: 0x000000fee2f00000,0x000000fee3000000] [id=27532]
  0x00000219867da410 WorkerThread "GC Thread#10" [stack: 0x000000fee3000000,0x000000fee3100000] [id=4252]
  0x00000219867dac80 WorkerThread "GC Thread#11" [stack: 0x000000fee6c00000,0x000000fee6d00000] [id=19524]
  0x00000219867d8d90 WorkerThread "GC Thread#12" [stack: 0x000000fee6d00000,0x000000fee6e00000] [id=14372]
  0x00000219dc79d720 ConcurrentGCThread "G1 Main Marker" [stack: 0x000000fee0f00000,0x000000fee1000000] [id=26880]
  0x00000219dc79e150 WorkerThread "G1 Conc#0" [stack: 0x000000fee1000000,0x000000fee1100000] [id=17044]
  0x00000219ff20de80 ConcurrentGCThread "G1 Refine#0" [stack: 0x000000fee1100000,0x000000fee1200000] [id=21376]
  0x00000219ff20f870 ConcurrentGCThread "G1 Service" [stack: 0x000000fee1200000,0x000000fee1300000] [id=25392]

Threads with active compile tasks:
C2 CompilerThread2     2901 2102       4       java.lang.invoke.MethodType::methodType (69 bytes)

VM state: not at safepoint (normal execution)

VM Mutex/Monitor currently owned by a thread: None

Heap address: 0x0000000722400000, size: 3548 MB, Compressed Oops mode: Zero based, Oop shift amount: 3

CDS archive(s) mapped at: [0x0000000800000000-0x0000000800c40000-0x0000000800c40000), size 12845056, SharedBaseAddress: 0x0000000800000000, ArchiveRelocationMode: 0.
Compressed class space mapped at: 0x0000000801000000-0x0000000841000000, reserved size: 1073741824
Narrow klass base: 0x0000000800000000, Narrow klass shift: 0, Narrow klass range: 0x100000000

GC Precious Log:
 CardTable entry size: 512
 Card Set container configuration: InlinePtr #cards 4 size 8 Array Of Cards #cards 16 size 48 Howl #buckets 8 coarsen threshold 3686 Howl Bitmap #cards 512 size 80 coarsen threshold 460 Card regions per heap region 1 cards per card region 4096
 CPUs: 16 total, 16 available
 Memory: 14188M
 Large Page Support: Disabled
 NUMA Support: Disabled
 Compressed Oops: Enabled (Zero based)
 Heap Region Size: 2M
 Heap Min Capacity: 8M
 Heap Initial Capacity: 222M
 Heap Max Capacity: 3548M
 Pre-touch: Disabled
 Parallel Workers: 13
 Concurrent Workers: 3
 Concurrent Refinement Workers: 13
 Periodic GC: Disabled

Heap:
 garbage-first heap   total 227328K, used 87971K [0x0000000722400000, 0x0000000800000000)
  region size 2048K, 29 young (59392K), 1 survivors (2048K)
 Metaspace       used 16252K, committed 16512K, reserved 1114112K
  class space    used 2132K, committed 2240K, reserved 1048576K

Heap Regions: E=young(eden), S=young(survivor), O=old, HS=humongous(starts), HC=humongous(continues), CS=collection set, F=free, OA=open archive, CA=closed archive, TAMS=top-at-mark-start (previous, next)
|   0|0x0000000722400000, 0x0000000722600000, 0x0000000722600000|100%| O|  |TAMS 0x0000000722400000, 0x0000000722400000| Untracked 
|   1|0x0000000722600000, 0x0000000722800000, 0x0000000722800000|100%| O|  |TAMS 0x0000000722600000, 0x0000000722600000| Untracked 
|   2|0x0000000722800000, 0x0000000722818000, 0x0000000722a00000|  4%| O|  |TAMS 0x0000000722800000, 0x0000000722800000| Untracked 
|   3|0x0000000722a00000, 0x0000000722c00000, 0x0000000722c00000|100%|HS|  |TAMS 0x0000000722a00000, 0x0000000722a00000| Complete 
|   4|0x0000000722c00000, 0x0000000722e00000, 0x0000000722e00000|100%|HS|  |TAMS 0x0000000722c00000, 0x0000000722c00000| Complete 
|   5|0x0000000722e00000, 0x0000000723000000, 0x0000000723000000|100%|HS|  |TAMS 0x0000000722e00000, 0x0000000722e00000| Complete 
|   6|0x0000000723000000, 0x0000000723200000, 0x0000000723200000|100%|HS|  |TAMS 0x0000000723000000, 0x0000000723000000| Complete 
|   7|0x0000000723200000, 0x0000000723400000, 0x0000000723400000|100%|HS|  |TAMS 0x0000000723200000, 0x0000000723200000| Complete 
|   8|0x0000000723400000, 0x0000000723600000, 0x0000000723600000|100%|HS|  |TAMS 0x0000000723400000, 0x0000000723400000| Complete 
|   9|0x0000000723600000, 0x0000000723800000, 0x0000000723800000|100%|HS|  |TAMS 0x0000000723600000, 0x0000000723600000| Complete 
|  10|0x0000000723800000, 0x0000000723a00000, 0x0000000723a00000|100%|HS|  |TAMS 0x0000000723800000, 0x0000000723800000| Complete 
|  11|0x0000000723a00000, 0x0000000723c00000, 0x0000000723c00000|100%|HS|  |TAMS 0x0000000723a00000, 0x0000000723a00000| Complete 
|  12|0x0000000723c00000, 0x0000000723e00000, 0x0000000723e00000|100%|HS|  |TAMS 0x0000000723c00000, 0x0000000723c00000| Complete 
|  13|0x0000000723e00000, 0x0000000724000000, 0x0000000724000000|100%|HS|  |TAMS 0x0000000723e00000, 0x0000000723e00000| Complete 
|  14|0x0000000724000000, 0x0000000724200000, 0x0000000724200000|100%|HS|  |TAMS 0x0000000724000000, 0x0000000724000000| Complete 
|  15|0x0000000724200000, 0x0000000724400000, 0x0000000724400000|100%|HS|  |TAMS 0x0000000724200000, 0x0000000724200000| Complete 
|  16|0x0000000724400000, 0x0000000724400000, 0x0000000724600000|  0%| F|  |TAMS 0x0000000724400000, 0x0000000724400000| Untracked 
|  17|0x0000000724600000, 0x0000000724600000, 0x0000000724800000|  0%| F|  |TAMS 0x0000000724600000, 0x0000000724600000| Untracked 
|  18|0x0000000724800000, 0x0000000724800000, 0x0000000724a00000|  0%| F|  |TAMS 0x0000000724800000, 0x0000000724800000| Untracked 
|  19|0x0000000724a00000, 0x0000000724a00000, 0x0000000724c00000|  0%| F|  |TAMS 0x0000000724a00000, 0x0000000724a00000| Untracked 
|  20|0x0000000724c00000, 0x0000000724c00000, 0x0000000724e00000|  0%| F|  |TAMS 0x0000000724c00000, 0x0000000724c00000| Untracked 
|  21|0x0000000724e00000, 0x0000000724e00000, 0x0000000725000000|  0%| F|  |TAMS 0x0000000724e00000, 0x0000000724e00000| Untracked 
|  22|0x0000000725000000, 0x0000000725000000, 0x0000000725200000|  0%| F|  |TAMS 0x0000000725000000, 0x0000000725000000| Untracked 
|  23|0x0000000725200000, 0x0000000725200000, 0x0000000725400000|  0%| F|  |TAMS 0x0000000725200000, 0x0000000725200000| Untracked 
|  24|0x0000000725400000, 0x0000000725400000, 0x0000000725600000|  0%| F|  |TAMS 0x0000000725400000, 0x0000000725400000| Untracked 
|  25|0x0000000725600000, 0x0000000725600000, 0x0000000725800000|  0%| F|  |TAMS 0x0000000725600000, 0x0000000725600000| Untracked 
|  26|0x0000000725800000, 0x0000000725800000, 0x0000000725a00000|  0%| F|  |TAMS 0x0000000725800000, 0x0000000725800000| Untracked 
|  27|0x0000000725a00000, 0x0000000725a00000, 0x0000000725c00000|  0%| F|  |TAMS 0x0000000725a00000, 0x0000000725a00000| Untracked 
|  28|0x0000000725c00000, 0x0000000725c00000, 0x0000000725e00000|  0%| F|  |TAMS 0x0000000725c00000, 0x0000000725c00000| Untracked 
|  29|0x0000000725e00000, 0x0000000725e00000, 0x0000000726000000|  0%| F|  |TAMS 0x0000000725e00000, 0x0000000725e00000| Untracked 
|  30|0x0000000726000000, 0x0000000726000000, 0x0000000726200000|  0%| F|  |TAMS 0x0000000726000000, 0x0000000726000000| Untracked 
|  31|0x0000000726200000, 0x0000000726200000, 0x0000000726400000|  0%| F|  |TAMS 0x0000000726200000, 0x0000000726200000| Untracked 
|  32|0x0000000726400000, 0x0000000726400000, 0x0000000726600000|  0%| F|  |TAMS 0x0000000726400000, 0x0000000726400000| Untracked 
|  33|0x0000000726600000, 0x0000000726600000, 0x0000000726800000|  0%| F|  |TAMS 0x0000000726600000, 0x0000000726600000| Untracked 
|  34|0x0000000726800000, 0x0000000726800000, 0x0000000726a00000|  0%| F|  |TAMS 0x0000000726800000, 0x0000000726800000| Untracked 
|  35|0x0000000726a00000, 0x0000000726a00000, 0x0000000726c00000|  0%| F|  |TAMS 0x0000000726a00000, 0x0000000726a00000| Untracked 
|  36|0x0000000726c00000, 0x0000000726c00000, 0x0000000726e00000|  0%| F|  |TAMS 0x0000000726c00000, 0x0000000726c00000| Untracked 
|  37|0x0000000726e00000, 0x0000000726e00000, 0x0000000727000000|  0%| F|  |TAMS 0x0000000726e00000, 0x0000000726e00000| Untracked 
|  38|0x0000000727000000, 0x0000000727000000, 0x0000000727200000|  0%| F|  |TAMS 0x0000000727000000, 0x0000000727000000| Untracked 
|  39|0x0000000727200000, 0x0000000727200000, 0x0000000727400000|  0%| F|  |TAMS 0x0000000727200000, 0x0000000727200000| Untracked 
|  40|0x0000000727400000, 0x0000000727400000, 0x0000000727600000|  0%| F|  |TAMS 0x0000000727400000, 0x0000000727400000| Untracked 
|  41|0x0000000727600000, 0x0000000727600000, 0x0000000727800000|  0%| F|  |TAMS 0x0000000727600000, 0x0000000727600000| Untracked 
|  42|0x0000000727800000, 0x0000000727800000, 0x0000000727a00000|  0%| F|  |TAMS 0x0000000727800000, 0x0000000727800000| Untracked 
|  43|0x0000000727a00000, 0x0000000727a00000, 0x0000000727c00000|  0%| F|  |TAMS 0x0000000727a00000, 0x0000000727a00000| Untracked 
|  44|0x0000000727c00000, 0x0000000727c00000, 0x0000000727e00000|  0%| F|  |TAMS 0x0000000727c00000, 0x0000000727c00000| Untracked 
|  45|0x0000000727e00000, 0x0000000727e00000, 0x0000000728000000|  0%| F|  |TAMS 0x0000000727e00000, 0x0000000727e00000| Untracked 
|  46|0x0000000728000000, 0x0000000728000000, 0x0000000728200000|  0%| F|  |TAMS 0x0000000728000000, 0x0000000728000000| Untracked 
|  47|0x0000000728200000, 0x0000000728200000, 0x0000000728400000|  0%| F|  |TAMS 0x0000000728200000, 0x0000000728200000| Untracked 
|  48|0x0000000728400000, 0x0000000728400000, 0x0000000728600000|  0%| F|  |TAMS 0x0000000728400000, 0x0000000728400000| Untracked 
|  49|0x0000000728600000, 0x0000000728600000, 0x0000000728800000|  0%| F|  |TAMS 0x0000000728600000, 0x0000000728600000| Untracked 
|  50|0x0000000728800000, 0x0000000728800000, 0x0000000728a00000|  0%| F|  |TAMS 0x0000000728800000, 0x0000000728800000| Untracked 
|  51|0x0000000728a00000, 0x0000000728a00000, 0x0000000728c00000|  0%| F|  |TAMS 0x0000000728a00000, 0x0000000728a00000| Untracked 
|  52|0x0000000728c00000, 0x0000000728c00000, 0x0000000728e00000|  0%| F|  |TAMS 0x0000000728c00000, 0x0000000728c00000| Untracked 
|  53|0x0000000728e00000, 0x0000000728e00000, 0x0000000729000000|  0%| F|  |TAMS 0x0000000728e00000, 0x0000000728e00000| Untracked 
|  54|0x0000000729000000, 0x0000000729000000, 0x0000000729200000|  0%| F|  |TAMS 0x0000000729000000, 0x0000000729000000| Untracked 
|  55|0x0000000729200000, 0x0000000729200000, 0x0000000729400000|  0%| F|  |TAMS 0x0000000729200000, 0x0000000729200000| Untracked 
|  56|0x0000000729400000, 0x0000000729400000, 0x0000000729600000|  0%| F|  |TAMS 0x0000000729400000, 0x0000000729400000| Untracked 
|  57|0x0000000729600000, 0x0000000729600000, 0x0000000729800000|  0%| F|  |TAMS 0x0000000729600000, 0x0000000729600000| Untracked 
|  58|0x0000000729800000, 0x0000000729800000, 0x0000000729a00000|  0%| F|  |TAMS 0x0000000729800000, 0x0000000729800000| Untracked 
|  59|0x0000000729a00000, 0x0000000729a00000, 0x0000000729c00000|  0%| F|  |TAMS 0x0000000729a00000, 0x0000000729a00000| Untracked 
|  60|0x0000000729c00000, 0x0000000729c00000, 0x0000000729e00000|  0%| F|  |TAMS 0x0000000729c00000, 0x0000000729c00000| Untracked 
|  61|0x0000000729e00000, 0x0000000729e00000, 0x000000072a000000|  0%| F|  |TAMS 0x0000000729e00000, 0x0000000729e00000| Untracked 
|  62|0x000000072a000000, 0x000000072a000000, 0x000000072a200000|  0%| F|  |TAMS 0x000000072a000000, 0x000000072a000000| Untracked 
|  63|0x000000072a200000, 0x000000072a200000, 0x000000072a400000|  0%| F|  |TAMS 0x000000072a200000, 0x000000072a200000| Untracked 
|  64|0x000000072a400000, 0x000000072a400000, 0x000000072a600000|  0%| F|  |TAMS 0x000000072a400000, 0x000000072a400000| Untracked 
|  65|0x000000072a600000, 0x000000072a600000, 0x000000072a800000|  0%| F|  |TAMS 0x000000072a600000, 0x000000072a600000| Untracked 
|  66|0x000000072a800000, 0x000000072a800000, 0x000000072aa00000|  0%| F|  |TAMS 0x000000072a800000, 0x000000072a800000| Untracked 
|  67|0x000000072aa00000, 0x000000072aa00000, 0x000000072ac00000|  0%| F|  |TAMS 0x000000072aa00000, 0x000000072aa00000| Untracked 
|  68|0x000000072ac00000, 0x000000072ac00000, 0x000000072ae00000|  0%| F|  |TAMS 0x000000072ac00000, 0x000000072ac00000| Untracked 
|  69|0x000000072ae00000, 0x000000072ae00000, 0x000000072b000000|  0%| F|  |TAMS 0x000000072ae00000, 0x000000072ae00000| Untracked 
|  70|0x000000072b000000, 0x000000072b000000, 0x000000072b200000|  0%| F|  |TAMS 0x000000072b000000, 0x000000072b000000| Untracked 
|  71|0x000000072b200000, 0x000000072b200000, 0x000000072b400000|  0%| F|  |TAMS 0x000000072b200000, 0x000000072b200000| Untracked 
|  72|0x000000072b400000, 0x000000072b400000, 0x000000072b600000|  0%| F|  |TAMS 0x000000072b400000, 0x000000072b400000| Untracked 
|  73|0x000000072b600000, 0x000000072b600000, 0x000000072b800000|  0%| F|  |TAMS 0x000000072b600000, 0x000000072b600000| Untracked 
|  74|0x000000072b800000, 0x000000072b800000, 0x000000072ba00000|  0%| F|  |TAMS 0x000000072b800000, 0x000000072b800000| Untracked 
|  75|0x000000072ba00000, 0x000000072ba00000, 0x000000072bc00000|  0%| F|  |TAMS 0x000000072ba00000, 0x000000072ba00000| Untracked 
|  76|0x000000072bc00000, 0x000000072bc00000, 0x000000072be00000|  0%| F|  |TAMS 0x000000072bc00000, 0x000000072bc00000| Untracked 
|  77|0x000000072be00000, 0x000000072be00000, 0x000000072c000000|  0%| F|  |TAMS 0x000000072be00000, 0x000000072be00000| Untracked 
|  78|0x000000072c000000, 0x000000072c000000, 0x000000072c200000|  0%| F|  |TAMS 0x000000072c000000, 0x000000072c000000| Untracked 
|  79|0x000000072c200000, 0x000000072c200000, 0x000000072c400000|  0%| F|  |TAMS 0x000000072c200000, 0x000000072c200000| Untracked 
|  80|0x000000072c400000, 0x000000072c400000, 0x000000072c600000|  0%| F|  |TAMS 0x000000072c400000, 0x000000072c400000| Untracked 
|  81|0x000000072c600000, 0x000000072c600000, 0x000000072c800000|  0%| F|  |TAMS 0x000000072c600000, 0x000000072c600000| Untracked 
|  82|0x000000072c800000, 0x000000072c95be38, 0x000000072ca00000| 67%| E|  |TAMS 0x000000072c800000, 0x000000072c800000| Complete 
|  83|0x000000072ca00000, 0x000000072cc00000, 0x000000072cc00000|100%| E|CS|TAMS 0x000000072ca00000, 0x000000072ca00000| Complete 
|  84|0x000000072cc00000, 0x000000072ce00000, 0x000000072ce00000|100%| E|CS|TAMS 0x000000072cc00000, 0x000000072cc00000| Complete 
|  85|0x000000072ce00000, 0x000000072d000000, 0x000000072d000000|100%| E|CS|TAMS 0x000000072ce00000, 0x000000072ce00000| Complete 
|  86|0x000000072d000000, 0x000000072d200000, 0x000000072d200000|100%| E|CS|TAMS 0x000000072d000000, 0x000000072d000000| Complete 
|  87|0x000000072d200000, 0x000000072d400000, 0x000000072d400000|100%| E|CS|TAMS 0x000000072d200000, 0x000000072d200000| Complete 
|  88|0x000000072d400000, 0x000000072d600000, 0x000000072d600000|100%| E|CS|TAMS 0x000000072d400000, 0x000000072d400000| Complete 
|  89|0x000000072d600000, 0x000000072d800000, 0x000000072d800000|100%| E|CS|TAMS 0x000000072d600000, 0x000000072d600000| Complete 
|  90|0x000000072d800000, 0x000000072da00000, 0x000000072da00000|100%| E|CS|TAMS 0x000000072d800000, 0x000000072d800000| Complete 
|  91|0x000000072da00000, 0x000000072dc00000, 0x000000072dc00000|100%| E|CS|TAMS 0x000000072da00000, 0x000000072da00000| Complete 
|  92|0x000000072dc00000, 0x000000072de00000, 0x000000072de00000|100%| E|CS|TAMS 0x000000072dc00000, 0x000000072dc00000| Complete 
|  93|0x000000072de00000, 0x000000072dfd0da8, 0x000000072e000000| 90%| S|CS|TAMS 0x000000072de00000, 0x000000072de00000| Complete 
|  94|0x000000072e000000, 0x000000072e200000, 0x000000072e200000|100%| E|CS|TAMS 0x000000072e000000, 0x000000072e000000| Complete 
|  95|0x000000072e200000, 0x000000072e400000, 0x000000072e400000|100%| E|CS|TAMS 0x000000072e200000, 0x000000072e200000| Complete 
|  96|0x000000072e400000, 0x000000072e600000, 0x000000072e600000|100%| E|CS|TAMS 0x000000072e400000, 0x000000072e400000| Complete 
|  97|0x000000072e600000, 0x000000072e800000, 0x000000072e800000|100%| E|CS|TAMS 0x000000072e600000, 0x000000072e600000| Complete 
|  98|0x000000072e800000, 0x000000072ea00000, 0x000000072ea00000|100%| E|CS|TAMS 0x000000072e800000, 0x000000072e800000| Complete 
|  99|0x000000072ea00000, 0x000000072ec00000, 0x000000072ec00000|100%| E|CS|TAMS 0x000000072ea00000, 0x000000072ea00000| Complete 
| 100|0x000000072ec00000, 0x000000072ee00000, 0x000000072ee00000|100%| E|CS|TAMS 0x000000072ec00000, 0x000000072ec00000| Complete 
| 101|0x000000072ee00000, 0x000000072f000000, 0x000000072f000000|100%| E|CS|TAMS 0x000000072ee00000, 0x000000072ee00000| Complete 
| 102|0x000000072f000000, 0x000000072f200000, 0x000000072f200000|100%| E|CS|TAMS 0x000000072f000000, 0x000000072f000000| Complete 
| 103|0x000000072f200000, 0x000000072f400000, 0x000000072f400000|100%| E|CS|TAMS 0x000000072f200000, 0x000000072f200000| Complete 
| 104|0x000000072f400000, 0x000000072f600000, 0x000000072f600000|100%| E|CS|TAMS 0x000000072f400000, 0x000000072f400000| Complete 
| 105|0x000000072f600000, 0x000000072f800000, 0x000000072f800000|100%| E|CS|TAMS 0x000000072f600000, 0x000000072f600000| Complete 
| 106|0x000000072f800000, 0x000000072fa00000, 0x000000072fa00000|100%| E|CS|TAMS 0x000000072f800000, 0x000000072f800000| Complete 
| 107|0x000000072fa00000, 0x000000072fc00000, 0x000000072fc00000|100%| E|CS|TAMS 0x000000072fa00000, 0x000000072fa00000| Complete 
| 108|0x000000072fc00000, 0x000000072fe00000, 0x000000072fe00000|100%| E|CS|TAMS 0x000000072fc00000, 0x000000072fc00000| Complete 
| 109|0x000000072fe00000, 0x0000000730000000, 0x0000000730000000|100%| E|CS|TAMS 0x000000072fe00000, 0x000000072fe00000| Complete 
| 110|0x0000000730000000, 0x0000000730200000, 0x0000000730200000|100%| E|CS|TAMS 0x0000000730000000, 0x0000000730000000| Complete 

Card table byte_map: [0x00000219f6720000,0x00000219f6e10000] _byte_map_base: 0x00000219f2e0e000

Marking Bits (Prev, Next): (CMBitMap*) 0x00000219de8cbd80, (CMBitMap*) 0x00000219de8cbdc0
 Prev Bits: [0x00000219f7500000, 0x00000219fac70000)
 Next Bits: [0x00000219fac70000, 0x00000219fe3e0000)

Polling page: 0x00000219dc7e0000

Metaspace:

Usage:
  Non-class:     13.79 MB used.
      Class:      2.08 MB used.
       Both:     15.87 MB used.

Virtual space:
  Non-class space:       64.00 MB reserved,      13.94 MB ( 22%) committed,  1 nodes.
      Class space:        1.00 GB reserved,       2.19 MB ( <1%) committed,  1 nodes.
             Both:        1.06 GB reserved,      16.12 MB (  1%) committed. 

Chunk freelists:
   Non-Class:  1.87 MB
       Class:  1.64 MB
        Both:  3.51 MB

MaxMetaspaceSize: unlimited
CompressedClassSpaceSize: 1.00 GB
Initial GC threshold: 21.00 MB
Current GC threshold: 21.00 MB
CDS: on
MetaspaceReclaimPolicy: balanced
 - commit_granule_bytes: 65536.
 - commit_granule_words: 8192.
 - virtual_space_node_default_size: 8388608.
 - enlarge_chunks_in_place: 1.
 - new_chunks_are_fully_committed: 0.
 - uncommit_free_chunks: 1.
 - use_allocation_guard: 0.


Internal statistics:

num_allocs_failed_limit: 0.
num_arena_births: 260.
num_arena_deaths: 0.
num_vsnodes_births: 2.
num_vsnodes_deaths: 0.
num_space_committed: 258.
num_space_uncommitted: 0.
num_chunks_returned_to_freelist: 0.
num_chunks_taken_from_freelist: 738.
num_chunk_merges: 0.
num_chunk_splits: 483.
num_chunks_enlarged: 365.
num_inconsistent_stats: 0.

CodeHeap 'non-profiled nmethods': size=119168Kb used=892Kb max_used=892Kb free=118275Kb
 bounds [0x00000219ee350000, 0x00000219ee5c0000, 0x00000219f57b0000]
CodeHeap 'profiled nmethods': size=119104Kb used=4345Kb max_used=4345Kb free=114758Kb
 bounds [0x00000219e67b0000, 0x00000219e6bf0000, 0x00000219edc00000]
CodeHeap 'non-nmethods': size=7488Kb used=3169Kb max_used=3196Kb free=4318Kb
 bounds [0x00000219edc00000, 0x00000219edf30000, 0x00000219ee350000]
 total_blobs=2958 nmethods=2203 adapters=662
 compilation: enabled
              stopped_count=0, restarted_count=0
 full_count=0

Compilation events (20 events):
Event: 2.786 Thread 0x00000219ff5b5c60 nmethod 2197 0x00000219ee423810 code [0x00000219ee4239a0, 0x00000219ee423a78]
Event: 2.789 Thread 0x00000219ff391860 nmethod 2049 0x00000219ee423b10 code [0x00000219ee424040, 0x00000219ee429718]
Event: 2.789 Thread 0x00000219ff5b85f0 2198       1       java.util.stream.Collectors$CollectorImpl::supplier (5 bytes)
Event: 2.789 Thread 0x00000219ff393df0 2199       1       java.util.stream.Collectors$CollectorImpl::accumulator (5 bytes)
Event: 2.789 Thread 0x0000021986604c20 2200       1       java.util.stream.Collectors$CollectorImpl::combiner (5 bytes)
Event: 2.790 Thread 0x0000021986604c20 nmethod 2200 0x00000219ee42c690 code [0x00000219ee42c820, 0x00000219ee42c8f8]
Event: 2.790 Thread 0x00000219ff393df0 nmethod 2199 0x00000219ee42c990 code [0x00000219ee42cb20, 0x00000219ee42cbf8]
Event: 2.790 Thread 0x00000219ff5b85f0 nmethod 2198 0x00000219ee42cc90 code [0x00000219ee42ce20, 0x00000219ee42cef8]
Event: 2.791 Thread 0x00000219ff391860 2196       4       com.intellij.rt.execution.junit.MapSerializerUtil$1::escape (124 bytes)
Event: 2.792 Thread 0x00000219ff391860 nmethod 2196 0x00000219ee42cf90 code [0x00000219ee42d120, 0x00000219ee42d298]
Event: 2.792 Thread 0x00000219ff391860 2118       4       com.sun.javafx.iio.png.PNGImageLoader2::copy (76 bytes)
Event: 2.793 Thread 0x000002198c8798f0 nmethod 2117 0x00000219ee42d390 code [0x00000219ee42d540, 0x00000219ee42d808]
Event: 2.793 Thread 0x000002198c8798f0 2102       4       java.lang.invoke.MethodType::methodType (69 bytes)
Event: 2.794 Thread 0x00000219ff391860 nmethod 2118 0x00000219ee42d990 code [0x00000219ee42db20, 0x00000219ee42dc78]
Event: 2.796 Thread 0x00000219ff391860 2201       4       sun.net.util.IPAddressUtil::checkHostString (53 bytes)
Event: 2.797 Thread 0x00000219ff391860 nmethod 2201 0x00000219ee42de10 code [0x00000219ee42dfa0, 0x00000219ee42e038]
Event: 2.806 Thread 0x00000219ff393df0 2202       3       sun.invoke.util.Wrapper::isDoubleWord (15 bytes)
Event: 2.807 Thread 0x00000219ff393df0 nmethod 2202 0x00000219e6bed190 code [0x00000219e6bed320, 0x00000219e6bed498]
Event: 2.807 Thread 0x00000219ff5b5c60 2204       3       java.lang.invoke.InvokerBytecodeGenerator::isStaticallyNameable (148 bytes)
Event: 2.807 Thread 0x00000219ff5b5c60 nmethod 2204 0x00000219e6bed510 code [0x00000219e6bed7c0, 0x00000219e6bee2f8]

GC Heap History (4 events):
Event: 1.034 GC heap before
{Heap before GC invocations=0 (full 0):
 garbage-first heap   total 227328K, used 22528K [0x0000000722400000, 0x0000000800000000)
  region size 2048K, 11 young (22528K), 0 survivors (0K)
 Metaspace       used 6183K, committed 6400K, reserved 1114112K
  class space    used 747K, committed 832K, reserved 1048576K
}
Event: 1.040 GC heap after
{Heap after GC invocations=1 (full 0):
 garbage-first heap   total 227328K, used 4252K [0x0000000722400000, 0x0000000800000000)
  region size 2048K, 2 young (4096K), 2 survivors (4096K)
 Metaspace       used 6183K, committed 6400K, reserved 1114112K
  class space    used 747K, committed 832K, reserved 1048576K
}
Event: 2.014 GC heap before
{Heap before GC invocations=1 (full 0):
 garbage-first heap   total 227328K, used 32924K [0x0000000722400000, 0x0000000800000000)
  region size 2048K, 17 young (34816K), 2 survivors (4096K)
 Metaspace       used 9705K, committed 9920K, reserved 1114112K
  class space    used 1206K, committed 1344K, reserved 1048576K
}
Event: 2.019 GC heap after
{Heap after GC invocations=2 (full 0):
 garbage-first heap   total 227328K, used 6051K [0x0000000722400000, 0x0000000800000000)
  region size 2048K, 1 young (2048K), 1 survivors (2048K)
 Metaspace       used 9705K, committed 9920K, reserved 1114112K
  class space    used 1206K, committed 1344K, reserved 1048576K
}

Dll operation events (20 events):
Event: 1.150 Loaded shared library C:\Users\brilo\.openjfx\cache\18.0.1+2\api-ms-win-crt-multibyte-l1-1-0.dll
Event: 1.158 Loaded shared library C:\Users\brilo\.openjfx\cache\18.0.1+2\api-ms-win-crt-private-l1-1-0.dll
Event: 1.165 Loaded shared library C:\Users\brilo\.openjfx\cache\18.0.1+2\api-ms-win-crt-process-l1-1-0.dll
Event: 1.171 Loaded shared library C:\Users\brilo\.openjfx\cache\18.0.1+2\api-ms-win-crt-runtime-l1-1-0.dll
Event: 1.179 Loaded shared library C:\Users\brilo\.openjfx\cache\18.0.1+2\api-ms-win-crt-stdio-l1-1-0.dll
Event: 1.187 Loaded shared library C:\Users\brilo\.openjfx\cache\18.0.1+2\api-ms-win-crt-string-l1-1-0.dll
Event: 1.194 Loaded shared library C:\Users\brilo\.openjfx\cache\18.0.1+2\api-ms-win-crt-time-l1-1-0.dll
Event: 1.201 Loaded shared library C:\Users\brilo\.openjfx\cache\18.0.1+2\api-ms-win-crt-utility-l1-1-0.dll
Event: 1.220 Loaded shared library C:\Users\brilo\.openjfx\cache\18.0.1+2\ucrtbase.dll
Event: 1.228 Loaded shared library C:\Users\brilo\.openjfx\cache\18.0.1+2\vcruntime140.dll
Event: 1.234 Loaded shared library C:\Users\brilo\.openjfx\cache\18.0.1+2\vcruntime140_1.dll
Event: 1.247 Loaded shared library C:\Users\brilo\.openjfx\cache\18.0.1+2\msvcp140.dll
Event: 1.298 Loaded shared library C:\Users\brilo\.openjfx\cache\18.0.1+2\prism_d3d.dll
Event: 1.369 Loaded shared library C:\Users\brilo\.openjfx\cache\18.0.1+2\glass.dll
Event: 1.523 Loaded shared library C:\Users\brilo\.openjfx\cache\18.0.1+2\glib-lite.dll
Event: 1.542 Loaded shared library C:\Users\brilo\.openjfx\cache\18.0.1+2\gstreamer-lite.dll
Event: 1.560 Loaded shared library C:\Users\brilo\.openjfx\cache\18.0.1+2\jfxmedia.dll
Event: 2.237 Loaded shared library C:\Users\brilo\.openjfx\cache\18.0.1+2\javafx_font.dll
Event: 2.386 Loaded shared library C:\Users\brilo\.openjfx\cache\18.0.1+2\javafx_iio.dll
Event: 2.687 Loaded shared library C:\Users\brilo\.jdks\openjdk-19.0.2\bin\awt.dll

Deoptimization events (20 events):
Event: 2.768 Thread 0x0000021986925d20 Uncommon trap: trap_request=0xffffffc6 fr.pc=0x00000219ee40982c relative=0x000000000000238c
Event: 2.768 Thread 0x0000021986925d20 Uncommon trap: reason=bimorphic_or_optimized_type_check action=maybe_recompile pc=0x00000219ee40982c method=java.security.DigestInputStream.read([BII)I @ 7 c2
Event: 2.768 Thread 0x0000021986925d20 DEOPT PACKING pc=0x00000219ee40982c sp=0x000000fee35fd8b0
Event: 2.768 Thread 0x0000021986925d20 DEOPT UNPACKING pc=0x00000219edc66da3 sp=0x000000fee35fd888 mode 2
Event: 2.768 Thread 0x0000021986925d20 Uncommon trap: trap_request=0xffffffc6 fr.pc=0x00000219ee40982c relative=0x000000000000238c
Event: 2.768 Thread 0x0000021986925d20 Uncommon trap: reason=bimorphic_or_optimized_type_check action=maybe_recompile pc=0x00000219ee40982c method=java.security.DigestInputStream.read([BII)I @ 7 c2
Event: 2.768 Thread 0x0000021986925d20 DEOPT PACKING pc=0x00000219ee40982c sp=0x000000fee35fd8b0
Event: 2.768 Thread 0x0000021986925d20 DEOPT UNPACKING pc=0x00000219edc66da3 sp=0x000000fee35fd888 mode 2
Event: 2.769 Thread 0x0000021986925d20 Uncommon trap: trap_request=0xffffff45 fr.pc=0x00000219ee40207c relative=0x000000000000015c
Event: 2.769 Thread 0x0000021986925d20 Uncommon trap: reason=unstable_if action=reinterpret pc=0x00000219ee40207c method=java.io.BufferedInputStream.read1([BII)I @ 60 c2
Event: 2.769 Thread 0x0000021986925d20 DEOPT PACKING pc=0x00000219ee40207c sp=0x000000fee35fd730
Event: 2.769 Thread 0x0000021986925d20 DEOPT UNPACKING pc=0x00000219edc66da3 sp=0x000000fee35fd6f0 mode 2
Event: 2.781 Thread 0x00000219de863b20 Uncommon trap: trap_request=0xffffffc6 fr.pc=0x00000219ee3d358c relative=0x000000000000080c
Event: 2.781 Thread 0x00000219de863b20 Uncommon trap: reason=bimorphic_or_optimized_type_check action=maybe_recompile pc=0x00000219ee3d358c method=java.util.regex.Pattern$Start.match(Ljava/util/regex/Matcher;ILjava/lang/CharSequence;)Z @ 44 c2
Event: 2.781 Thread 0x00000219de863b20 DEOPT PACKING pc=0x00000219ee3d358c sp=0x000000fee0dfd2c0
Event: 2.781 Thread 0x00000219de863b20 DEOPT UNPACKING pc=0x00000219edc66da3 sp=0x000000fee0dfd200 mode 2
Event: 2.796 Thread 0x00000219866111c0 Uncommon trap: trap_request=0xffffffde fr.pc=0x00000219ee419b6c relative=0x0000000000000ccc
Event: 2.796 Thread 0x00000219866111c0 Uncommon trap: reason=class_check action=maybe_recompile pc=0x00000219ee419b6c method=java.util.concurrent.ConcurrentHashMap.putVal(Ljava/lang/Object;Ljava/lang/Object;Z)Ljava/lang/Object; @ 159 c2
Event: 2.796 Thread 0x00000219866111c0 DEOPT PACKING pc=0x00000219ee419b6c sp=0x000000fee31fdf80
Event: 2.796 Thread 0x00000219866111c0 DEOPT UNPACKING pc=0x00000219edc66da3 sp=0x000000fee31fdf00 mode 2

Classes loaded (20 events):
Event: 2.782 Loading class jdk/internal/access/JavaIOPrintWriterAccess done
Event: 2.782 Loading class java/io/PrintWriter$1 done
Event: 2.782 Loading class java/lang/Throwable$WrappedPrintWriter
Event: 2.782 Loading class java/lang/Throwable$PrintStreamOrWriter
Event: 2.782 Loading class java/lang/Throwable$PrintStreamOrWriter done
Event: 2.782 Loading class java/lang/Throwable$WrappedPrintWriter done
Event: 2.783 Loading class java/lang/StackTraceElement$HashedModules
Event: 2.783 Loading class java/lang/StackTraceElement$HashedModules done
Event: 2.791 Loading class java/util/concurrent/CompletableFuture
Event: 2.792 Loading class java/util/concurrent/CompletionStage
Event: 2.792 Loading class java/util/concurrent/CompletionStage done
Event: 2.792 Loading class java/util/concurrent/CompletableFuture done
Event: 2.792 Loading class java/util/concurrent/CompletableFuture$AltResult
Event: 2.792 Loading class java/util/concurrent/CompletableFuture$AltResult done
Event: 2.792 Loading class java/util/concurrent/CompletableFuture$Completion
Event: 2.792 Loading class java/util/concurrent/CompletableFuture$AsynchronousCompletionTask
Event: 2.792 Loading class java/util/concurrent/CompletableFuture$AsynchronousCompletionTask done
Event: 2.792 Loading class java/util/concurrent/CompletableFuture$Completion done
Event: 2.797 Loading class java/util/LinkedList$ListItr
Event: 2.797 Loading class java/util/LinkedList$ListItr done

Classes unloaded (0 events):
No events

Classes redefined (0 events):
No events

Internal exceptions (20 events):
Event: 2.529 Thread 0x0000021986925d20 Exception <a 'java/io/FileNotFoundException'{0x000000072d1d5a20}> (0x000000072d1d5a20) 
thrown [s\open\src\hotspot\share\prims\jni.cpp, line 517]
Event: 2.545 Thread 0x0000021986925d20 Exception <a 'java/io/FileNotFoundException'{0x000000072d1ecb58}> (0x000000072d1ecb58) 
thrown [s\open\src\hotspot\share\prims\jni.cpp, line 517]
Event: 2.557 Thread 0x0000021986925d20 Exception <a 'java/io/FileNotFoundException'{0x000000072d1f8158}> (0x000000072d1f8158) 
thrown [s\open\src\hotspot\share\prims\jni.cpp, line 517]
Event: 2.565 Thread 0x0000021986925d20 Exception <a 'java/io/FileNotFoundException'{0x000000072ce0e8d0}> (0x000000072ce0e8d0) 
thrown [s\open\src\hotspot\share\prims\jni.cpp, line 517]
Event: 2.570 Thread 0x0000021986925d20 Exception <a 'java/io/FileNotFoundException'{0x000000072ce14280}> (0x000000072ce14280) 
thrown [s\open\src\hotspot\share\prims\jni.cpp, line 517]
Event: 2.651 Thread 0x0000021986925d20 Implicit null exception at 0x00000219ee3ef12f to 0x00000219ee3ef3a0
Event: 2.651 Thread 0x0000021986925d20 Implicit null exception at 0x00000219ee3ee92f to 0x00000219ee3eeb94
Event: 2.652 Thread 0x0000021986925d20 Implicit null exception at 0x00000219ee3d89af to 0x00000219ee3d8a29
Event: 2.681 Thread 0x0000021986925d20 Exception <a 'java/lang/ClassNotFoundException'{0x000000072ccfdba8}: sun/awt/resources/spi/awtProvider> (0x000000072ccfdba8) 
thrown [s\open\src\hotspot\share\classfile\systemDictionary.cpp, line 255]
Event: 2.688 Thread 0x0000021986925d20 Exception <a 'java/io/FileNotFoundException'{0x000000072cd00d58}> (0x000000072cd00d58) 
thrown [s\open\src\hotspot\share\prims\jni.cpp, line 517]
Event: 2.689 Thread 0x0000021986925d20 Exception <a 'java/io/FileNotFoundException'{0x000000072cd01f78}> (0x000000072cd01f78) 
thrown [s\open\src\hotspot\share\prims\jni.cpp, line 517]
Event: 2.744 Thread 0x0000021986925d20 Exception <a 'java/io/FileNotFoundException'{0x000000072ca01648}> (0x000000072ca01648) 
thrown [s\open\src\hotspot\share\prims\jni.cpp, line 517]
Event: 2.747 Thread 0x0000021986925d20 Exception <a 'java/io/FileNotFoundException'{0x000000072ca0edc8}> (0x000000072ca0edc8) 
thrown [s\open\src\hotspot\share\prims\jni.cpp, line 517]
Event: 2.748 Thread 0x0000021986925d20 Exception <a 'java/io/FileNotFoundException'{0x000000072ca180d8}> (0x000000072ca180d8) 
thrown [s\open\src\hotspot\share\prims\jni.cpp, line 517]
Event: 2.748 Thread 0x0000021986925d20 Exception <a 'java/io/FileNotFoundException'{0x000000072ca205b8}> (0x000000072ca205b8) 
thrown [s\open\src\hotspot\share\prims\jni.cpp, line 517]
Event: 2.749 Thread 0x0000021986925d20 Exception <a 'java/io/FileNotFoundException'{0x000000072ca28fd8}> (0x000000072ca28fd8) 
thrown [s\open\src\hotspot\share\prims\jni.cpp, line 517]
Event: 2.750 Thread 0x0000021986925d20 Exception <a 'java/io/FileNotFoundException'{0x000000072ca32f50}> (0x000000072ca32f50) 
thrown [s\open\src\hotspot\share\prims\jni.cpp, line 517]
Event: 2.751 Thread 0x0000021986925d20 Exception <a 'java/io/FileNotFoundException'{0x000000072ca3bd90}> (0x000000072ca3bd90) 
thrown [s\open\src\hotspot\share\prims\jni.cpp, line 517]
Event: 2.752 Thread 0x0000021986925d20 Exception <a 'java/io/FileNotFoundException'{0x000000072ca45278}> (0x000000072ca45278) 
thrown [s\open\src\hotspot\share\prims\jni.cpp, line 517]
Event: 2.758 Thread 0x0000021986925d20 Exception <a 'java/io/FileNotFoundException'{0x000000072caf6c08}> (0x000000072caf6c08) 
thrown [s\open\src\hotspot\share\prims\jni.cpp, line 517]

VM Operations (20 events):
Event: 1.034 Executing VM operation: G1CollectForAllocation
Event: 1.040 Executing VM operation: G1CollectForAllocation done
Event: 1.357 Executing VM operation: HandshakeAllThreads
Event: 1.357 Executing VM operation: HandshakeAllThreads done
Event: 1.600 Executing VM operation: HandshakeAllThreads
Event: 1.600 Executing VM operation: HandshakeAllThreads done
Event: 2.014 Executing VM operation: G1CollectForAllocation
Event: 2.019 Executing VM operation: G1CollectForAllocation done
Event: 2.087 Executing VM operation: HandshakeAllThreads
Event: 2.087 Executing VM operation: HandshakeAllThreads done
Event: 2.099 Executing VM operation: HandshakeAllThreads
Event: 2.099 Executing VM operation: HandshakeAllThreads done
Event: 2.209 Executing VM operation: HandshakeAllThreads
Event: 2.209 Executing VM operation: HandshakeAllThreads done
Event: 2.605 Executing VM operation: HandshakeAllThreads
Event: 2.605 Executing VM operation: HandshakeAllThreads done
Event: 2.729 Executing VM operation: HandshakeAllThreads
Event: 2.729 Executing VM operation: HandshakeAllThreads done
Event: 2.771 Executing VM operation: ICBufferFull
Event: 2.771 Executing VM operation: ICBufferFull done

Events (20 events):
Event: 2.106 Thread 0x000002198695b7c0 Thread exited: 0x000002198695b7c0
Event: 2.106 Thread 0x000002198695b7c0 Thread added: 0x000002198695b7c0
Event: 2.106 Thread 0x000002198695b7c0 Thread exited: 0x000002198695b7c0
Event: 2.254 Thread 0x000002198c762dc0 Thread added: 0x000002198c762dc0
Event: 2.716 Thread 0x0000021986958d40 Thread added: 0x0000021986958d40
Event: 2.717 Thread 0x000002198695b270 Thread added: 0x000002198695b270
Event: 2.718 Thread 0x000002198695b7c0 Thread added: 0x000002198695b7c0
Event: 2.732 Thread 0x0000021986e00fb0 Thread added: 0x0000021986e00fb0
Event: 2.760 Thread 0x000002198c8798f0 Thread added: 0x000002198c8798f0
Event: 2.794 Thread 0x000002198ca073d0 Thread added: 0x000002198ca073d0
Event: 2.794 Thread 0x000002198ca0b390 Thread added: 0x000002198ca0b390
Event: 2.794 Thread 0x000002198ca0b8e0 Thread added: 0x000002198ca0b8e0
Event: 2.794 Thread 0x000002198ca0be30 Thread added: 0x000002198ca0be30
Event: 2.794 Thread 0x000002198ca093b0 Thread added: 0x000002198ca093b0
Event: 2.795 Thread 0x000002198ca0b8e0 Thread exited: 0x000002198ca0b8e0
Event: 2.796 Thread 0x000002198ca093b0 Thread exited: 0x000002198ca093b0
Event: 2.796 Thread 0x000002198ca0b390 Thread exited: 0x000002198ca0b390
Event: 2.796 Thread 0x0000021986e00fb0 Thread exited: 0x0000021986e00fb0
Event: 2.796 Thread 0x000002198ca0be30 Thread exited: 0x000002198ca0be30
Event: 2.797 Thread 0x000002198695b7c0 Thread exited: 0x000002198695b7c0


Dynamic libraries:
0x00007ff638060000 - 0x00007ff63806e000 	C:\Users\brilo\.jdks\openjdk-19.0.2\bin\java.exe
0x00007ffab6590000 - 0x00007ffab67a4000 	C:\WINDOWS\SYSTEM32\ntdll.dll
0x00007ffab4880000 - 0x00007ffab4943000 	C:\WINDOWS\System32\KERNEL32.DLL
0x00007ffab39d0000 - 0x00007ffab3d6c000 	C:\WINDOWS\System32\KERNELBASE.dll
0x00007ffab3df0000 - 0x00007ffab3f01000 	C:\WINDOWS\System32\ucrtbase.dll
0x00007ffa90d20000 - 0x00007ffa90d3b000 	C:\Users\brilo\.jdks\openjdk-19.0.2\bin\VCRUNTIME140.dll
0x00007ffa7f530000 - 0x00007ffa7f547000 	C:\Users\brilo\.jdks\openjdk-19.0.2\bin\jli.dll
0x00007ffab46d0000 - 0x00007ffab487d000 	C:\WINDOWS\System32\USER32.dll
0x00007ffab4160000 - 0x00007ffab4186000 	C:\WINDOWS\System32\win32u.dll
0x00007ffa9c7d0000 - 0x00007ffa9ca5e000 	C:\WINDOWS\WinSxS\amd64_microsoft.windows.common-controls_6595b64144ccf1df_6.0.22621.608_none_a9444ca7c10bb01d\COMCTL32.dll
0x00007ffab46a0000 - 0x00007ffab46c9000 	C:\WINDOWS\System32\GDI32.dll
0x00007ffab43a0000 - 0x00007ffab4447000 	C:\WINDOWS\System32\msvcrt.dll
0x00007ffab3fd0000 - 0x00007ffab40e2000 	C:\WINDOWS\System32\gdi32full.dll
0x00007ffab4300000 - 0x00007ffab439a000 	C:\WINDOWS\System32\msvcp_win.dll
0x00007ffab5080000 - 0x00007ffab50b2000 	C:\WINDOWS\System32\IMM32.DLL
0x00007ffaa72f0000 - 0x00007ffaa72fc000 	C:\Users\brilo\.jdks\openjdk-19.0.2\bin\vcruntime140_1.dll
0x00007ffa65920000 - 0x00007ffa659ae000 	C:\Users\brilo\.jdks\openjdk-19.0.2\bin\msvcp140.dll
0x00007ffa11750000 - 0x00007ffa12410000 	C:\Users\brilo\.jdks\openjdk-19.0.2\bin\server\jvm.dll
0x00007ffab4dd0000 - 0x00007ffab4e7e000 	C:\WINDOWS\System32\ADVAPI32.dll
0x00007ffab5190000 - 0x00007ffab5234000 	C:\WINDOWS\System32\sechost.dll
0x00007ffab5560000 - 0x00007ffab5675000 	C:\WINDOWS\System32\RPCRT4.dll
0x00007ffa8e940000 - 0x00007ffa8e949000 	C:\WINDOWS\SYSTEM32\WSOCK32.dll
0x00007ffab1310000 - 0x00007ffab1344000 	C:\WINDOWS\SYSTEM32\WINMM.dll
0x00007ffaaac90000 - 0x00007ffaaac9a000 	C:\WINDOWS\SYSTEM32\VERSION.dll
0x00007ffab6390000 - 0x00007ffab6401000 	C:\WINDOWS\System32\WS2_32.dll
0x00007ffab29f0000 - 0x00007ffab2a08000 	C:\WINDOWS\SYSTEM32\kernel.appcore.dll
0x00007ffa94590000 - 0x00007ffa9459a000 	C:\Users\brilo\.jdks\openjdk-19.0.2\bin\jimage.dll
0x00007ffab10a0000 - 0x00007ffab12ce000 	C:\WINDOWS\SYSTEM32\DBGHELP.DLL
0x00007ffab5710000 - 0x00007ffab5a9a000 	C:\WINDOWS\System32\combase.dll
0x00007ffab62b0000 - 0x00007ffab6387000 	C:\WINDOWS\System32\OLEAUT32.dll
0x00007ffab1060000 - 0x00007ffab1092000 	C:\WINDOWS\SYSTEM32\dbgcore.DLL
0x00007ffab3d70000 - 0x00007ffab3deb000 	C:\WINDOWS\System32\bcryptPrimitives.dll
0x00007ffab1620000 - 0x00007ffab162e000 	C:\Users\brilo\.jdks\openjdk-19.0.2\bin\instrument.dll
0x00007ffa7f500000 - 0x00007ffa7f526000 	C:\Users\brilo\.jdks\openjdk-19.0.2\bin\java.dll
0x00007ffa61980000 - 0x00007ffa61a57000 	C:\Users\brilo\.jdks\openjdk-19.0.2\bin\jsvml.dll
0x00007ffab5aa0000 - 0x00007ffab628f000 	C:\WINDOWS\System32\SHELL32.dll
0x00007ffab19a0000 - 0x00007ffab2268000 	C:\WINDOWS\SYSTEM32\windows.storage.dll
0x00007ffab1860000 - 0x00007ffab199e000 	C:\WINDOWS\SYSTEM32\wintypes.dll
0x00007ffab4f80000 - 0x00007ffab5071000 	C:\WINDOWS\System32\SHCORE.dll
0x00007ffab5440000 - 0x00007ffab549e000 	C:\WINDOWS\System32\shlwapi.dll
0x00007ffab3900000 - 0x00007ffab3921000 	C:\WINDOWS\SYSTEM32\profapi.dll
0x00007ffa72f60000 - 0x00007ffa72f78000 	C:\Users\brilo\.jdks\openjdk-19.0.2\bin\zip.dll
0x00007ffa7bf50000 - 0x00007ffa7bf63000 	C:\Users\brilo\.jdks\openjdk-19.0.2\bin\net.dll
0x00007ffaaf550000 - 0x00007ffaaf67f000 	C:\WINDOWS\SYSTEM32\WINHTTP.dll
0x00007ffab2e90000 - 0x00007ffab2ef9000 	C:\WINDOWS\system32\mswsock.dll
0x00007ffa797d0000 - 0x00007ffa797e6000 	C:\Users\brilo\.jdks\openjdk-19.0.2\bin\nio.dll
0x00007ffaae080000 - 0x00007ffaae09a000 	C:\Program Files\JetBrains\IntelliJ IDEA Community Edition 2022.3.2\bin\breakgen64.dll
0x00007ffa93ab0000 - 0x00007ffa93ab8000 	C:\Users\brilo\.jdks\openjdk-19.0.2\bin\extnet.dll
0x00007ffa93810000 - 0x00007ffa93820000 	C:\Users\brilo\.jdks\openjdk-19.0.2\bin\verify.dll
0x00000219ff8e0000 - 0x00000219ff8e3000 	C:\Users\brilo\.openjfx\cache\18.0.1+2\api-ms-win-core-console-l1-1-0.dll
0x00000219ff8f0000 - 0x00000219ff8f3000 	C:\Users\brilo\.openjfx\cache\18.0.1+2\api-ms-win-core-console-l1-2-0.dll
0x00000219ff900000 - 0x00000219ff903000 	C:\Users\brilo\.openjfx\cache\18.0.1+2\api-ms-win-core-datetime-l1-1-0.dll
0x00000219ff910000 - 0x00000219ff913000 	C:\Users\brilo\.openjfx\cache\18.0.1+2\api-ms-win-core-debug-l1-1-0.dll
0x00000219ff920000 - 0x00000219ff923000 	C:\Users\brilo\.openjfx\cache\18.0.1+2\api-ms-win-core-errorhandling-l1-1-0.dll
0x00000219ff930000 - 0x00000219ff934000 	C:\Users\brilo\.openjfx\cache\18.0.1+2\api-ms-win-core-file-l1-1-0.dll
0x00000219ff940000 - 0x00000219ff943000 	C:\Users\brilo\.openjfx\cache\18.0.1+2\api-ms-win-core-file-l1-2-0.dll
0x00000219ff950000 - 0x00000219ff953000 	C:\Users\brilo\.openjfx\cache\18.0.1+2\api-ms-win-core-file-l2-1-0.dll
0x00000219ff960000 - 0x00000219ff963000 	C:\Users\brilo\.openjfx\cache\18.0.1+2\api-ms-win-core-handle-l1-1-0.dll
0x00000219ff970000 - 0x00000219ff973000 	C:\Users\brilo\.openjfx\cache\18.0.1+2\api-ms-win-core-heap-l1-1-0.dll
0x00000219ff980000 - 0x00000219ff983000 	C:\Users\brilo\.openjfx\cache\18.0.1+2\api-ms-win-core-interlocked-l1-1-0.dll
0x00000219ff990000 - 0x00000219ff993000 	C:\Users\brilo\.openjfx\cache\18.0.1+2\api-ms-win-core-libraryloader-l1-1-0.dll
0x00000219ff9c0000 - 0x00000219ff9c3000 	C:\Users\brilo\.openjfx\cache\18.0.1+2\api-ms-win-core-localization-l1-2-0.dll
0x00000219ff9a0000 - 0x00000219ff9a3000 	C:\Users\brilo\.openjfx\cache\18.0.1+2\api-ms-win-core-memory-l1-1-0.dll
0x00000219ff9e0000 - 0x00000219ff9e3000 	C:\Users\brilo\.openjfx\cache\18.0.1+2\api-ms-win-core-namedpipe-l1-1-0.dll
0x00000219ff9b0000 - 0x00000219ff9b3000 	C:\Users\brilo\.openjfx\cache\18.0.1+2\api-ms-win-core-processenvironment-l1-1-0.dll
0x00000219ff9d0000 - 0x00000219ff9d3000 	C:\Users\brilo\.openjfx\cache\18.0.1+2\api-ms-win-core-processthreads-l1-1-0.dll
0x00000219ff9f0000 - 0x00000219ff9f3000 	C:\Users\brilo\.openjfx\cache\18.0.1+2\api-ms-win-core-processthreads-l1-1-1.dll
0x00000219ffa00000 - 0x00000219ffa03000 	C:\Users\brilo\.openjfx\cache\18.0.1+2\api-ms-win-core-profile-l1-1-0.dll
0x00000219ffa10000 - 0x00000219ffa13000 	C:\Users\brilo\.openjfx\cache\18.0.1+2\api-ms-win-core-rtlsupport-l1-1-0.dll
0x00000219ffa20000 - 0x00000219ffa23000 	C:\Users\brilo\.openjfx\cache\18.0.1+2\api-ms-win-core-string-l1-1-0.dll
0x00000219ffa30000 - 0x00000219ffa33000 	C:\Users\brilo\.openjfx\cache\18.0.1+2\api-ms-win-core-synch-l1-1-0.dll
0x00000219ffa40000 - 0x00000219ffa43000 	C:\Users\brilo\.openjfx\cache\18.0.1+2\api-ms-win-core-synch-l1-2-0.dll
0x00000219ffa50000 - 0x00000219ffa53000 	C:\Users\brilo\.openjfx\cache\18.0.1+2\api-ms-win-core-sysinfo-l1-1-0.dll
0x00000219ffa60000 - 0x00000219ffa63000 	C:\Users\brilo\.openjfx\cache\18.0.1+2\api-ms-win-core-timezone-l1-1-0.dll
0x00000219ffa70000 - 0x00000219ffa73000 	C:\Users\brilo\.openjfx\cache\18.0.1+2\api-ms-win-core-util-l1-1-0.dll
0x00000219ffa80000 - 0x00000219ffa83000 	C:\Users\brilo\.openjfx\cache\18.0.1+2\api-ms-win-crt-conio-l1-1-0.dll
0x00000219ffa90000 - 0x00000219ffa94000 	C:\Users\brilo\.openjfx\cache\18.0.1+2\api-ms-win-crt-convert-l1-1-0.dll
0x00000219ffaa0000 - 0x00000219ffaa3000 	C:\Users\brilo\.openjfx\cache\18.0.1+2\api-ms-win-crt-environment-l1-1-0.dll
0x00000219ffab0000 - 0x00000219ffab3000 	C:\Users\brilo\.openjfx\cache\18.0.1+2\api-ms-win-crt-filesystem-l1-1-0.dll
0x00000219ffac0000 - 0x00000219ffac3000 	C:\Users\brilo\.openjfx\cache\18.0.1+2\api-ms-win-crt-heap-l1-1-0.dll
0x00000219ffad0000 - 0x00000219ffad3000 	C:\Users\brilo\.openjfx\cache\18.0.1+2\api-ms-win-crt-locale-l1-1-0.dll
0x00000219ffae0000 - 0x00000219ffae5000 	C:\Users\brilo\.openjfx\cache\18.0.1+2\api-ms-win-crt-math-l1-1-0.dll
0x00000219ffaf0000 - 0x00000219ffaf5000 	C:\Users\brilo\.openjfx\cache\18.0.1+2\api-ms-win-crt-multibyte-l1-1-0.dll
0x00000219ffb00000 - 0x00000219ffb10000 	C:\Users\brilo\.openjfx\cache\18.0.1+2\api-ms-win-crt-private-l1-1-0.dll
0x00000219ffb10000 - 0x00000219ffb13000 	C:\Users\brilo\.openjfx\cache\18.0.1+2\api-ms-win-crt-process-l1-1-0.dll
0x00000219ffb20000 - 0x00000219ffb24000 	C:\Users\brilo\.openjfx\cache\18.0.1+2\api-ms-win-crt-runtime-l1-1-0.dll
0x00000219ffb30000 - 0x00000219ffb34000 	C:\Users\brilo\.openjfx\cache\18.0.1+2\api-ms-win-crt-stdio-l1-1-0.dll
0x00000219ffb40000 - 0x00000219ffb44000 	C:\Users\brilo\.openjfx\cache\18.0.1+2\api-ms-win-crt-string-l1-1-0.dll
0x00000219ffb50000 - 0x00000219ffb53000 	C:\Users\brilo\.openjfx\cache\18.0.1+2\api-ms-win-crt-time-l1-1-0.dll
0x00000219ffb60000 - 0x00000219ffb63000 	C:\Users\brilo\.openjfx\cache\18.0.1+2\api-ms-win-crt-utility-l1-1-0.dll
0x00007ffa68420000 - 0x00007ffa6851c000 	C:\Users\brilo\.openjfx\cache\18.0.1+2\ucrtbase.dll
0x00007ffaa40a0000 - 0x00007ffaa40ba000 	C:\Users\brilo\.openjfx\cache\18.0.1+2\vcruntime140.dll
0x00007ffaa75a0000 - 0x00007ffaa75ac000 	C:\Users\brilo\.openjfx\cache\18.0.1+2\vcruntime140_1.dll
0x00007ffa945f0000 - 0x00007ffa9467d000 	C:\Users\brilo\.openjfx\cache\18.0.1+2\msvcp140.dll
0x00007ffa945c0000 - 0x00007ffa945ec000 	C:\Users\brilo\.openjfx\cache\18.0.1+2\prism_d3d.dll
0x00007ffa427e0000 - 0x00007ffa42989000 	C:\WINDOWS\system32\d3d9.dll
0x00007ffab0af0000 - 0x00007ffab0b1b000 	C:\WINDOWS\SYSTEM32\dwmapi.dll
0x00007ffab09a0000 - 0x00007ffab09d6000 	C:\WINDOWS\SYSTEM32\dxcore.dll
0x00007ffab0880000 - 0x00007ffab092b000 	C:\WINDOWS\system32\uxtheme.dll
0x00007ffab5240000 - 0x00007ffab53dc000 	C:\WINDOWS\System32\ole32.dll
0x00007ffab36f0000 - 0x00007ffab373d000 	C:\WINDOWS\SYSTEM32\POWRPROF.dll
0x00007ffab36d0000 - 0x00007ffab36e3000 	C:\WINDOWS\SYSTEM32\UMPDC.dll
0x00007ffaab3b0000 - 0x00007ffaab3f9000 	C:\WINDOWS\SYSTEM32\directxdatabasehelper.dll
0x00007ffa90d50000 - 0x00007ffa90d92000 	C:\Users\brilo\.openjfx\cache\18.0.1+2\glass.dll
0x00007ffab4e80000 - 0x00007ffab4f77000 	C:\WINDOWS\System32\COMDLG32.dll
0x00007ffab6410000 - 0x00007ffab652e000 	C:\WINDOWS\System32\MSCTF.dll
0x00007ffa60e40000 - 0x00007ffa60edd000 	C:\Users\brilo\.openjfx\cache\18.0.1+2\glib-lite.dll
0x00007ffa41570000 - 0x00007ffa4165a000 	C:\Users\brilo\.openjfx\cache\18.0.1+2\gstreamer-lite.dll
0x00007ffa5ea60000 - 0x00007ffa5eb02000 	C:\WINDOWS\SYSTEM32\DSOUND.dll
0x00007ffaa25a0000 - 0x00007ffaa25c9000 	C:\WINDOWS\SYSTEM32\winmmbase.dll
0x00007ffa3ef60000 - 0x00007ffa3f011000 	C:\WINDOWS\SYSTEM32\ResampleDmo.DLL
0x00007ffa900a0000 - 0x00007ffa900ab000 	C:\WINDOWS\SYSTEM32\msdmo.dll
0x00007ffa90ee0000 - 0x00007ffa90f03000 	C:\Users\brilo\.openjfx\cache\18.0.1+2\jfxmedia.dll
0x00007ffab3640000 - 0x00007ffab368e000 	C:\WINDOWS\SYSTEM32\CFGMGR32.dll
0x00007ffab54a0000 - 0x00007ffab5550000 	C:\WINDOWS\System32\clbcatq.dll
0x00007ffaafe20000 - 0x00007ffaaff20000 	C:\WINDOWS\system32\propsys.dll
0x00007ffa81070000 - 0x00007ffa81110000 	C:\Windows\System32\Windows.FileExplorer.Common.dll
0x00007ffa94a00000 - 0x00007ffa94aeb000 	C:\Windows\System32\Windows.StateRepositoryPS.dll
0x00007ffaa92d0000 - 0x00007ffaa930d000 	C:\WINDOWS\SYSTEM32\windows.staterepositoryclient.dll
0x00007ffa90210000 - 0x00007ffa90234000 	C:\Users\brilo\.openjfx\cache\18.0.1+2\fxplugins.dll
0x00007ffaae610000 - 0x00007ffaae7de000 	C:\WINDOWS\SYSTEM32\MFPlat.DLL
0x00007ffaae5d0000 - 0x00007ffaae603000 	C:\WINDOWS\SYSTEM32\RTWorkQ.DLL
0x00007ffaa6520000 - 0x00007ffaa65bd000 	C:\WINDOWS\System32\MMDevApi.dll
0x00007ffab3600000 - 0x00007ffab3633000 	C:\WINDOWS\System32\DEVOBJ.dll
0x00007ffa99710000 - 0x00007ffa998f5000 	C:\WINDOWS\SYSTEM32\AUDIOSES.DLL
0x00007ffab0e50000 - 0x00007ffab0e65000 	C:\WINDOWS\SYSTEM32\resourcepolicyclient.dll
0x00007ffab3100000 - 0x00007ffab310c000 	C:\WINDOWS\SYSTEM32\CRYPTBASE.DLL
0x00007ffa901e0000 - 0x00007ffa9020e000 	C:\Windows\System32\qasf.dll

dbghelp: loaded successfully - version: 4.0.5 - missing functions: none
symbol engine: initialized successfully - sym options: 0x614 - pdb path: .;C:\Users\brilo\.jdks\openjdk-19.0.2\bin;C:\WINDOWS\SYSTEM32;C:\WINDOWS\WinSxS\amd64_microsoft.windows.common-controls_6595b64144ccf1df_6.0.22621.608_none_a9444ca7c10bb01d;C:\Users\brilo\.jdks\openjdk-19.0.2\bin\server;C:\Program Files\JetBrains\IntelliJ IDEA Community Edition 2022.3.2\bin;C:\Users\brilo\.openjfx\cache\18.0.1+2;C:\WINDOWS\System32\DriverStore\FileRepository\u0384068.inf_amd64_e8f6f77691a5f338\B383240;C:\Program Files\Common Files\Microsoft Shared\Ink

VM Arguments:
jvm_args: -ea -Didea.test.cyclic.buffer.size=1048576 -javaagent:C:\Program Files\JetBrains\IntelliJ IDEA Community Edition 2022.3.2\lib\idea_rt.jar=57499:C:\Program Files\JetBrains\IntelliJ IDEA Community Edition 2022.3.2\bin -Dfile.encoding=UTF-8 -Dsun.stdout.encoding=UTF-8 -Dsun.stderr.encoding=UTF-8 
java_command: com.intellij.rt.junit.JUnitStarter -ideVersion5 -junit5 view.GameOverScreenTest,gameOverAnimation
java_class_path (initial): C:\Users\brilo\.m2\repository\org\junit\platform\junit-platform-launcher\1.7.1\junit-platform-launcher-1.7.1.jar;C:\Users\brilo\.m2\repository\org\junit\vintage\junit-vintage-engine\5.7.1\junit-vintage-engine-5.7.1.jar;C:\Program Files\JetBrains\IntelliJ IDEA Community Edition 2022.3.2\lib\idea_rt.jar;C:\Program Files\JetBrains\IntelliJ IDEA Community Edition 2022.3.2\plugins\junit\lib\junit5-rt.jar;C:\Program Files\JetBrains\IntelliJ IDEA Community Edition 2022.3.2\plugins\junit\lib\junit-rt.jar;C:\Users\brilo\OneDrive\Dokument\GitHub\MazeGen\target\test-classes;C:\Users\brilo\OneDrive\Dokument\GitHub\MazeGen\target\classes;C:\Users\brilo\.m2\repository\org\openjfx\javafx-controls\18.0.1\javafx-controls-18.0.1.jar;C:\Users\brilo\.m2\repository\org\openjfx\javafx-controls\18.0.1\javafx-controls-18.0.1-win.jar;C:\Users\brilo\.m2\repository\org\openjfx\javafx-graphics\18.0.1\javafx-graphics-18.0.1.jar;C:\Users\brilo\.m2\repository\org\openjfx\javafx-graphics\18.0.1\javafx-graphics-18.0.1-win.jar;C:\Users\brilo\.m2\repository\org\openjfx\javafx-base\18.0.1\javafx-base-18.0.1.jar;C:\Users\brilo\.m2\repository\org\openjfx\javafx-base\18.0.1\javafx-base-18.0.1-win.jar;C:\Users\brilo\.m2\repository\org\openjfx\javafx-fxml\18.0.1\javafx-fxml-18.0.1.jar;C:\Users\brilo\.m2\repository\org\openjfx\javafx-fxml\18.0.1\javafx-fxml-18.0.1-win.jar;C:\Users\brilo\.m2\repository\org\openjfx\javafx-media\18.0.1\javafx-media-18.0.1.jar;C:\Users\brilo\.m2\repository\org\openjfx\javafx-media\18.0.1\javafx-media-18.0.1-win.jar;C:\Users\brilo\.m2\repository\org\junit\jupiter\junit-jupiter\5.7.1\junit-jupiter-5.7.1.jar;C:\Users\brilo\.m2\repository\org\junit\jupiter\junit-jupiter-api\5.7.1\junit-jupiter-api-5.7.1.jar;C:\Users\brilo\.m2\repository\org\apiguardian\apiguardian-api\1.1.0\apiguardian-api-1.1.0.jar;C:\Users\brilo\.m2\repository\org\opentest4j\opentest4j\1.2.0\opentest4j-1.2.0.jar;C:\Users\brilo\.m2\repository\org\junit\platform\junit-platform-commons\1.7.1\junit-platform-commons-1.7.1.jar;C:\Users\brilo\.m2\repository\org\junit\jupiter\junit-jupiter-params\5.7.1\junit-jupiter-params-5.7.1.jar;C:\Users\brilo\.m2\repository\org\junit\jupiter\junit-jupiter-engine\5.7.1\junit-jupiter-engine-5.7.1.jar;C:\Users\brilo\.m2\repository\org\junit\platform\junit-platform-engine\1.7.1\junit-platform-engine-1.7.1.jar;C:\Users\brilo\.m2\repository\org\testfx\testfx-core\4.0.4-alpha\testfx-core-4.0.4-alpha.jar;C:\Users\brilo\.m2\repository\com\google\guava\guava\18.0\guava-18.0.jar;C:\Users\brilo\.m2\repository\org\hamcrest\hamcrest-all\1.3\hamcrest-all-1.3.jar;C:\Users\brilo\.m2\repository\junit\junit\4.12\junit-4.12.jar;C:\Users\brilo\.m2\repository\org\hamcrest\hamcrest-core\1.3\hamcrest-core-1.3.jar;C:\Users\brilo\.m2\repository\org\testfx\testfx-junit\4.0.12-alpha\testfx-junit-4.0.12-alpha.jar;C:\Users\brilo\.m2\repository\org\testng\testng\7.7.1\testng-7.7.1.jar;C:\Users\brilo\.m2\repository\org\slf4j\slf4j-api\1.7.36\slf4j-api-1.7.36.jar;C:\Users\brilo\.m2\repository\com\beust\jcommander\1.82\jcommander-1.82.jar;C:\Users\brilo\.m2\repository\org\webjars\jquery\3.6.1\jquery-3.6.1.jar
Launcher Type: SUN_STANDARD

[Global flags]
     intx CICompilerCount                          = 12                                        {product} {ergonomic}
     uint ConcGCThreads                            = 3                                         {product} {ergonomic}
     uint G1ConcRefinementThreads                  = 13                                        {product} {ergonomic}
   size_t G1HeapRegionSize                         = 2097152                                   {product} {ergonomic}
    uintx GCDrainStackTargetSize                   = 64                                        {product} {ergonomic}
   size_t InitialHeapSize                          = 232783872                                 {product} {ergonomic}
   size_t MarkStackSize                            = 4194304                                   {product} {ergonomic}
   size_t MaxHeapSize                              = 3720347648                                {product} {ergonomic}
   size_t MaxNewSize                               = 2231369728                                {product} {ergonomic}
   size_t MinHeapDeltaBytes                        = 2097152                                   {product} {ergonomic}
   size_t MinHeapSize                              = 8388608                                   {product} {ergonomic}
    uintx NonNMethodCodeHeapSize                   = 7602480                                {pd product} {ergonomic}
    uintx NonProfiledCodeHeapSize                  = 122027880                              {pd product} {ergonomic}
    uintx ProfiledCodeHeapSize                     = 122027880                              {pd product} {ergonomic}
    uintx ReservedCodeCacheSize                    = 251658240                              {pd product} {ergonomic}
     bool SegmentedCodeCache                       = true                                      {product} {ergonomic}
   size_t SoftMaxHeapSize                          = 3720347648                             {manageable} {ergonomic}
     bool UseCompressedClassPointers               = true                           {product lp64_product} {ergonomic}
     bool UseCompressedOops                        = true                           {product lp64_product} {ergonomic}
     bool UseG1GC                                  = true                                      {product} {ergonomic}
     bool UseLargePagesIndividualAllocation        = false                                  {pd product} {ergonomic}

Logging:
Log output configuration:
 #0: stdout all=warning uptime,level,tags foldmultilines=false
 #1: stderr all=off uptime,level,tags foldmultilines=false

Environment Variables:
PATH=C:\WINDOWS\system32;C:\WINDOWS;C:\WINDOWS\System32\Wbem;C:\WINDOWS\System32\WindowsPowerShell\v1.0\;C:\WINDOWS\System32\OpenSSH\;C:\Program Files\Git\cmd;C:\Python311;C:\Python311\Scripts;C:\Users\brilo\AppData\Local\Programs\Python\Python311\Scripts\;C:\Users\brilo\AppData\Local\Programs\Python\Python311\;C:\Users\brilo\AppData\Local\Microsoft\WindowsApps;C:\Users\brilo\AppData\Local\Programs\Microsoft VS Code\bin;C:\Users\brilo\AppData\Local\GitHubDesktop\bin
USERNAME=brilo
OS=Windows_NT
PROCESSOR_IDENTIFIER=AMD64 Family 25 Model 80 Stepping 0, AuthenticAMD
TMP=C:\Users\brilo\AppData\Local\Temp
TEMP=C:\Users\brilo\AppData\Local\Temp



---------------  S Y S T E M  ---------------

OS:
 Windows 11 , 64 bit Build 22621 (10.0.22621.1194)
OS uptime: 17 days 19:18 hours
Hyper-V role detected

CPU: total 16 (initial active 16) (16 cores per cpu, 2 threads per core) family 25 model 80 stepping 0 microcode 0x0, cx8, cmov, fxsr, ht, mmx, 3dnowpref, sse, sse2, sse3, ssse3, sse4a, sse4.1, sse4.2, popcnt, lzcnt, tsc, tscinvbit, avx, avx2, aes, erms, clmul, bmi1, bmi2, adx, sha, fma, vzeroupper, clflush, clflushopt, hv, rdtscp, rdpid, fsrm

Memory: 4k page, system-wide physical 14188M (4337M free)
TotalPageFile size 16876M (AvailPageFile size 4380M)
current process WorkingSet (physical memory assigned to process): 183M, peak: 187M
current process commit charge ("private bytes"): 401M, peak: 410M

vm_info: OpenJDK 64-Bit Server VM (19.0.2+7-44) for windows-amd64 JRE (19.0.2+7-44), built on 2022-11-30T18:02:09Z by "mach5one" with MS VC++ 17.1 (VS2022)

END.
